{"/home/travis/build/npmtest/node-npmtest-node-redis/test.js":{"path":"/home/travis/build/npmtest/node-npmtest-node-redis/test.js","s":{"1":2,"2":2,"3":2,"4":2,"5":2,"6":2,"7":2,"8":1,"9":2,"10":2,"11":1,"12":1,"13":1,"14":1,"15":2,"16":2,"17":2,"18":2,"19":1,"20":1,"21":2,"22":2,"23":2,"24":1,"25":1,"26":1,"27":1,"28":1,"29":1,"30":1,"31":1,"32":1,"33":1,"34":1,"35":1,"36":1,"37":1,"38":1,"39":2,"40":2,"41":1,"42":2,"43":2,"44":1,"45":2,"46":2,"47":1,"48":2,"49":2,"50":1,"51":1,"52":1,"53":1,"54":1},"b":{"1":[2,1,1,1],"2":[1,1,1,1],"3":[1,1],"4":[1,1],"5":[1,1],"6":[1,1],"7":[1,1],"8":[1,1],"9":[1,1],"10":[1,1,1],"11":[1,1],"12":[1,1],"13":[1,1],"14":[1,1],"15":[1,1],"16":[1,1],"17":[1,1]},"f":{"1":2,"2":2,"3":2,"4":2,"5":2,"6":1,"7":1,"8":1,"9":2,"10":2,"11":2,"12":2,"13":1},"fnMap":{"1":{"name":"(anonymous_1)","line":12,"loc":{"start":{"line":12,"column":1},"end":{"line":12,"column":13}}},"2":{"name":"(anonymous_2)","line":19,"loc":{"start":{"line":19,"column":5},"end":{"line":19,"column":17}}},"3":{"name":"(anonymous_3)","line":23,"loc":{"start":{"line":23,"column":24},"end":{"line":23,"column":36}}},"4":{"name":"(anonymous_4)","line":61,"loc":{"start":{"line":61,"column":5},"end":{"line":61,"column":17}}},"5":{"name":"(anonymous_5)","line":82,"loc":{"start":{"line":82,"column":5},"end":{"line":82,"column":17}}},"6":{"name":"(anonymous_6)","line":91,"loc":{"start":{"line":91,"column":77},"end":{"line":94,"column":10}}},"7":{"name":"(anonymous_7)","line":112,"loc":{"start":{"line":112,"column":83},"end":{"line":115,"column":10}},"skip":true},"8":{"name":"(anonymous_8)","line":123,"loc":{"start":{"line":123,"column":77},"end":{"line":126,"column":10}},"skip":true},"9":{"name":"(anonymous_9)","line":139,"loc":{"start":{"line":139,"column":12},"end":{"line":139,"column":40}},"skip":true},"10":{"name":"(anonymous_10)","line":147,"loc":{"start":{"line":147,"column":77},"end":{"line":150,"column":10}},"skip":true},"11":{"name":"(anonymous_11)","line":158,"loc":{"start":{"line":158,"column":83},"end":{"line":161,"column":10}},"skip":true},"12":{"name":"(anonymous_12)","line":169,"loc":{"start":{"line":169,"column":79},"end":{"line":172,"column":10}},"skip":true},"13":{"name":"(anonymous_13)","line":180,"loc":{"start":{"line":180,"column":75},"end":{"line":183,"column":10}},"skip":true}},"statementMap":{"1":{"start":{"line":12,"column":0},"end":{"line":195,"column":5}},"2":{"start":{"line":14,"column":4},"end":{"line":14,"column":14}},"3":{"start":{"line":19,"column":4},"end":{"line":56,"column":9}},"4":{"start":{"line":21,"column":8},"end":{"line":21,"column":19}},"5":{"start":{"line":23,"column":8},"end":{"line":35,"column":13}},"6":{"start":{"line":24,"column":12},"end":{"line":34,"column":13}},"7":{"start":{"line":25,"column":16},"end":{"line":28,"column":30}},"8":{"start":{"line":30,"column":16},"end":{"line":33,"column":27}},"9":{"start":{"line":37,"column":8},"end":{"line":39,"column":21}},"10":{"start":{"line":40,"column":8},"end":{"line":53,"column":9}},"11":{"start":{"line":43,"column":12},"end":{"line":46,"column":14}},"12":{"start":{"line":47,"column":12},"end":{"line":47,"column":18}},"13":{"start":{"line":50,"column":12},"end":{"line":51,"column":46}},"14":{"start":{"line":52,"column":12},"end":{"line":52,"column":18}},"15":{"start":{"line":55,"column":8},"end":{"line":55,"column":35}},"16":{"start":{"line":61,"column":4},"end":{"line":63,"column":9}},"17":{"start":{"line":62,"column":8},"end":{"line":62,"column":15}},"18":{"start":{"line":64,"column":4},"end":{"line":77,"column":5}},"19":{"start":{"line":70,"column":8},"end":{"line":70,"column":14}},"20":{"start":{"line":76,"column":8},"end":{"line":76,"column":14}},"21":{"start":{"line":82,"column":4},"end":{"line":84,"column":9}},"22":{"start":{"line":83,"column":8},"end":{"line":83,"column":15}},"23":{"start":{"line":85,"column":4},"end":{"line":194,"column":5}},"24":{"start":{"line":91,"column":8},"end":{"line":99,"column":10}},"25":{"start":{"line":98,"column":12},"end":{"line":98,"column":35}},"26":{"start":{"line":102,"column":8},"end":{"line":104,"column":63}},"27":{"start":{"line":105,"column":8},"end":{"line":105,"column":14}},"28":{"start":{"line":112,"column":8},"end":{"line":121,"column":10},"skip":true},"29":{"start":{"line":119,"column":12},"end":{"line":119,"column":55},"skip":true},"30":{"start":{"line":120,"column":12},"end":{"line":120,"column":48},"skip":true},"31":{"start":{"line":123,"column":8},"end":{"line":136,"column":10},"skip":true},"32":{"start":{"line":130,"column":12},"end":{"line":130,"column":76},"skip":true},"33":{"start":{"line":131,"column":12},"end":{"line":131,"column":73},"skip":true},"34":{"start":{"line":132,"column":12},"end":{"line":132,"column":74},"skip":true},"35":{"start":{"line":133,"column":12},"end":{"line":133,"column":79},"skip":true},"36":{"start":{"line":134,"column":12},"end":{"line":134,"column":25},"skip":true},"37":{"start":{"line":135,"column":12},"end":{"line":135,"column":45},"skip":true},"38":{"start":{"line":138,"column":8},"end":{"line":145,"column":14},"skip":true},"39":{"start":{"line":143,"column":16},"end":{"line":143,"column":29},"skip":true},"40":{"start":{"line":144,"column":16},"end":{"line":144,"column":55},"skip":true},"41":{"start":{"line":147,"column":8},"end":{"line":156,"column":10},"skip":true},"42":{"start":{"line":154,"column":12},"end":{"line":154,"column":25},"skip":true},"43":{"start":{"line":155,"column":12},"end":{"line":155,"column":45},"skip":true},"44":{"start":{"line":158,"column":8},"end":{"line":167,"column":10},"skip":true},"45":{"start":{"line":165,"column":12},"end":{"line":165,"column":25},"skip":true},"46":{"start":{"line":166,"column":12},"end":{"line":166,"column":48},"skip":true},"47":{"start":{"line":169,"column":8},"end":{"line":178,"column":10},"skip":true},"48":{"start":{"line":176,"column":12},"end":{"line":176,"column":25},"skip":true},"49":{"start":{"line":177,"column":12},"end":{"line":177,"column":46},"skip":true},"50":{"start":{"line":180,"column":8},"end":{"line":189,"column":10},"skip":true},"51":{"start":{"line":187,"column":12},"end":{"line":187,"column":94},"skip":true},"52":{"start":{"line":188,"column":12},"end":{"line":188,"column":48},"skip":true},"53":{"start":{"line":192,"column":8},"end":{"line":192,"column":35},"skip":true},"54":{"start":{"line":193,"column":8},"end":{"line":193,"column":14},"skip":true}},"branchMap":{"1":{"line":25,"type":"binary-expr","locations":[{"start":{"line":25,"column":23},"end":{"line":25,"column":62}},{"start":{"line":26,"column":20},"end":{"line":26,"column":70}},{"start":{"line":27,"column":20},"end":{"line":27,"column":71}},{"start":{"line":28,"column":20},"end":{"line":28,"column":29}}]},"2":{"line":30,"type":"binary-expr","locations":[{"start":{"line":30,"column":23},"end":{"line":30,"column":37}},{"start":{"line":31,"column":20},"end":{"line":31,"column":61}},{"start":{"line":32,"column":20},"end":{"line":32,"column":70}},{"start":{"line":33,"column":20},"end":{"line":33,"column":26}}]},"3":{"line":37,"type":"cond-expr","locations":[{"start":{"line":38,"column":14},"end":{"line":38,"column":20}},{"start":{"line":39,"column":14},"end":{"line":39,"column":20}}]},"4":{"line":40,"type":"switch","locations":[{"start":{"line":42,"column":8},"end":{"line":47,"column":18}},{"start":{"line":49,"column":8},"end":{"line":52,"column":18}}]},"5":{"line":44,"type":"binary-expr","locations":[{"start":{"line":44,"column":16},"end":{"line":44,"column":44}},{"start":{"line":44,"column":48},"end":{"line":44,"column":66}}]},"6":{"line":50,"type":"binary-expr","locations":[{"start":{"line":50,"column":21},"end":{"line":50,"column":49}},{"start":{"line":50,"column":53},"end":{"line":50,"column":72}}]},"7":{"line":64,"type":"switch","locations":[{"start":{"line":69,"column":4},"end":{"line":70,"column":14}},{"start":{"line":75,"column":4},"end":{"line":76,"column":14}}]},"8":{"line":85,"type":"switch","locations":[{"start":{"line":90,"column":4},"end":{"line":105,"column":14}},{"start":{"line":111,"column":4},"end":{"line":193,"column":14},"skip":true}]},"9":{"line":91,"type":"binary-expr","locations":[{"start":{"line":91,"column":42},"end":{"line":91,"column":73}},{"start":{"line":91,"column":77},"end":{"line":99,"column":9}}]},"10":{"line":102,"type":"binary-expr","locations":[{"start":{"line":102,"column":18},"end":{"line":102,"column":32}},{"start":{"line":103,"column":12},"end":{"line":103,"column":53}},{"start":{"line":104,"column":12},"end":{"line":104,"column":61}}]},"11":{"line":112,"type":"binary-expr","locations":[{"start":{"line":112,"column":45},"end":{"line":112,"column":79},"skip":true},{"start":{"line":112,"column":83},"end":{"line":121,"column":9},"skip":true}]},"12":{"line":123,"type":"binary-expr","locations":[{"start":{"line":123,"column":42},"end":{"line":123,"column":73},"skip":true},{"start":{"line":123,"column":77},"end":{"line":136,"column":9},"skip":true}]},"13":{"line":138,"type":"binary-expr","locations":[{"start":{"line":138,"column":48},"end":{"line":138,"column":85},"skip":true},{"start":{"line":139,"column":12},"end":{"line":145,"column":13},"skip":true}]},"14":{"line":147,"type":"binary-expr","locations":[{"start":{"line":147,"column":42},"end":{"line":147,"column":73},"skip":true},{"start":{"line":147,"column":77},"end":{"line":156,"column":9},"skip":true}]},"15":{"line":158,"type":"binary-expr","locations":[{"start":{"line":158,"column":45},"end":{"line":158,"column":79},"skip":true},{"start":{"line":158,"column":83},"end":{"line":167,"column":9},"skip":true}]},"16":{"line":169,"type":"binary-expr","locations":[{"start":{"line":169,"column":43},"end":{"line":169,"column":75},"skip":true},{"start":{"line":169,"column":79},"end":{"line":178,"column":9},"skip":true}]},"17":{"line":180,"type":"binary-expr","locations":[{"start":{"line":180,"column":41},"end":{"line":180,"column":71},"skip":true},{"start":{"line":180,"column":75},"end":{"line":189,"column":9},"skip":true}]}},"code":["/* istanbul instrument in package npmtest_node_redis */","/*jslint","    bitwise: true,","    browser: true,","    maxerr: 8,","    maxlen: 96,","    node: true,","    nomen: true,","    regexp: true,","    stupid: true","*/","(function () {","    'use strict';","    var local;","","","","    // run shared js-env code - pre-init","    (function () {","        // init local","        local = {};","        // init modeJs","        local.modeJs = (function () {","            try {","                return typeof navigator.userAgent === 'string' &&","                    typeof document.querySelector('body') === 'object' &&","                    typeof XMLHttpRequest.prototype.open === 'function' &&","                    'browser';","            } catch (errorCaughtBrowser) {","                return module.exports &&","                    typeof process.versions.node === 'string' &&","                    typeof require('http').createServer === 'function' &&","                    'node';","            }","        }());","        // init global","        local.global = local.modeJs === 'browser'","            ? window","            : global;","        switch (local.modeJs) {","        // re-init local from window.local","        case 'browser':","            local = local.global.utility2.objectSetDefault(","                local.global.utility2_rollup || local.global.local,","                local.global.utility2","            );","            break;","        // re-init local from example.js","        case 'node':","            local = (local.global.utility2_rollup || require('utility2'))","                .requireExampleJsFromReadme();","            break;","        }","        // export local","        local.global.local = local;","    }());","","","","    // run shared js-env code - function","    (function () {","        return;","    }());","    switch (local.modeJs) {","","","","    // run browser js-env code - function","    case 'browser':","        break;","","","","    // run node js-env code - function","    case 'node':","        break;","    }","","","","    // run shared js-env code - post-init","    (function () {","        return;","    }());","    switch (local.modeJs) {","","","","    // run browser js-env code - post-init","    case 'browser':","        local.testCase_browser_nullCase = local.testCase_browser_nullCase || function (","            options,","            onError","        ) {","        /*","         * this function will test browsers's null-case handling-behavior-behavior","         */","            onError(null, options);","        };","","        // run tests","        local.nop(local.modeTest &&","            document.querySelector('#testRunButton1') &&","            document.querySelector('#testRunButton1').click());","        break;","","","","    // run node js-env code - post-init","    /* istanbul ignore next */","    case 'node':","        local.testCase_buildApidoc_default = local.testCase_buildApidoc_default || function (","            options,","            onError","        ) {","        /*","         * this function will test buildApidoc's default handling-behavior-behavior","         */","            options = { modulePathList: module.paths };","            local.buildApidoc(options, onError);","        };","","        local.testCase_buildApp_default = local.testCase_buildApp_default || function (","            options,","            onError","        ) {","        /*","         * this function will test buildApp's default handling-behavior-behavior","         */","            local.testCase_buildReadme_default(options, local.onErrorThrow);","            local.testCase_buildLib_default(options, local.onErrorThrow);","            local.testCase_buildTest_default(options, local.onErrorThrow);","            local.testCase_buildCustomOrg_default(options, local.onErrorThrow);","            options = [];","            local.buildApp(options, onError);","        };","","        local.testCase_buildCustomOrg_default = local.testCase_buildCustomOrg_default ||","            function (options, onError) {","            /*","             * this function will test buildCustomOrg's default handling-behavior","             */","                options = {};","                local.buildCustomOrg(options, onError);","            };","","        local.testCase_buildLib_default = local.testCase_buildLib_default || function (","            options,","            onError","        ) {","        /*","         * this function will test buildLib's default handling-behavior","         */","            options = {};","            local.buildLib(options, onError);","        };","","        local.testCase_buildReadme_default = local.testCase_buildReadme_default || function (","            options,","            onError","        ) {","        /*","         * this function will test buildReadme's default handling-behavior-behavior","         */","            options = {};","            local.buildReadme(options, onError);","        };","","        local.testCase_buildTest_default = local.testCase_buildTest_default || function (","            options,","            onError","        ) {","        /*","         * this function will test buildTest's default handling-behavior","         */","            options = {};","            local.buildTest(options, onError);","        };","","        local.testCase_webpage_default = local.testCase_webpage_default || function (","            options,","            onError","        ) {","        /*","         * this function will test webpage's default handling-behavior","         */","            options = { modeCoverageMerge: true, url: local.serverLocalHost + '?modeTest=1' };","            local.browserTest(options, onError);","        };","","        // run test-server","        local.testRunServer(local);","        break;","    }","}());",""],"l":{"12":2,"14":2,"19":2,"21":2,"23":2,"24":2,"25":2,"30":1,"37":2,"40":2,"43":1,"47":1,"50":1,"52":1,"55":2,"61":2,"62":2,"64":2,"70":1,"76":1,"82":2,"83":2,"85":2,"91":1,"98":1,"102":1,"105":1,"112":1,"119":1,"120":1,"123":1,"130":1,"131":1,"132":1,"133":1,"134":1,"135":1,"138":1,"143":2,"144":2,"147":1,"154":2,"155":2,"158":1,"165":2,"166":2,"169":1,"176":2,"177":2,"180":1,"187":1,"188":1,"192":1,"193":1}},"/home/travis/build/npmtest/node-npmtest-node-redis/lib.npmtest_node_redis.js":{"path":"/home/travis/build/npmtest/node-npmtest-node-redis/lib.npmtest_node_redis.js","s":{"1":2,"2":2,"3":2,"4":2,"5":2,"6":2,"7":2,"8":1,"9":2,"10":2,"11":2,"12":2,"13":1,"14":1,"15":1,"16":1},"b":{"1":[2,1,1,1],"2":[1,1,1,1],"3":[1,1],"4":[2,2],"5":[1,1]},"f":{"1":2,"2":2,"3":2},"fnMap":{"1":{"name":"(anonymous_1)","line":12,"loc":{"start":{"line":12,"column":1},"end":{"line":12,"column":13}}},"2":{"name":"(anonymous_2)","line":19,"loc":{"start":{"line":19,"column":5},"end":{"line":19,"column":17}}},"3":{"name":"(anonymous_3)","line":23,"loc":{"start":{"line":23,"column":24},"end":{"line":23,"column":36}}}},"statementMap":{"1":{"start":{"line":12,"column":0},"end":{"line":53,"column":5}},"2":{"start":{"line":14,"column":4},"end":{"line":14,"column":14}},"3":{"start":{"line":19,"column":4},"end":{"line":52,"column":9}},"4":{"start":{"line":21,"column":8},"end":{"line":21,"column":19}},"5":{"start":{"line":23,"column":8},"end":{"line":35,"column":13}},"6":{"start":{"line":24,"column":12},"end":{"line":34,"column":13}},"7":{"start":{"line":25,"column":16},"end":{"line":28,"column":30}},"8":{"start":{"line":30,"column":16},"end":{"line":33,"column":27}},"9":{"start":{"line":37,"column":8},"end":{"line":39,"column":21}},"10":{"start":{"line":41,"column":8},"end":{"line":41,"column":54}},"11":{"start":{"line":43,"column":8},"end":{"line":43,"column":55}},"12":{"start":{"line":45,"column":8},"end":{"line":51,"column":9}},"13":{"start":{"line":46,"column":12},"end":{"line":46,"column":61}},"14":{"start":{"line":48,"column":12},"end":{"line":48,"column":35}},"15":{"start":{"line":49,"column":12},"end":{"line":49,"column":49}},"16":{"start":{"line":50,"column":12},"end":{"line":50,"column":43}}},"branchMap":{"1":{"line":25,"type":"binary-expr","locations":[{"start":{"line":25,"column":23},"end":{"line":25,"column":62}},{"start":{"line":26,"column":20},"end":{"line":26,"column":70}},{"start":{"line":27,"column":20},"end":{"line":27,"column":71}},{"start":{"line":28,"column":20},"end":{"line":28,"column":29}}]},"2":{"line":30,"type":"binary-expr","locations":[{"start":{"line":30,"column":23},"end":{"line":30,"column":37}},{"start":{"line":31,"column":20},"end":{"line":31,"column":61}},{"start":{"line":32,"column":20},"end":{"line":32,"column":70}},{"start":{"line":33,"column":20},"end":{"line":33,"column":26}}]},"3":{"line":37,"type":"cond-expr","locations":[{"start":{"line":38,"column":14},"end":{"line":38,"column":20}},{"start":{"line":39,"column":14},"end":{"line":39,"column":20}}]},"4":{"line":41,"type":"binary-expr","locations":[{"start":{"line":41,"column":16},"end":{"line":41,"column":44}},{"start":{"line":41,"column":48},"end":{"line":41,"column":53}}]},"5":{"line":45,"type":"if","locations":[{"start":{"line":45,"column":8},"end":{"line":45,"column":8}},{"start":{"line":45,"column":8},"end":{"line":45,"column":8}}]}},"code":["/* istanbul instrument in package npmtest_node_redis */","/*jslint","    bitwise: true,","    browser: true,","    maxerr: 8,","    maxlen: 96,","    node: true,","    nomen: true,","    regexp: true,","    stupid: true","*/","(function () {","    'use strict';","    var local;","","","","    // run shared js-env code - pre-init","    (function () {","        // init local","        local = {};","        // init modeJs","        local.modeJs = (function () {","            try {","                return typeof navigator.userAgent === 'string' &&","                    typeof document.querySelector('body') === 'object' &&","                    typeof XMLHttpRequest.prototype.open === 'function' &&","                    'browser';","            } catch (errorCaughtBrowser) {","                return module.exports &&","                    typeof process.versions.node === 'string' &&","                    typeof require('http').createServer === 'function' &&","                    'node';","            }","        }());","        // init global","        local.global = local.modeJs === 'browser'","            ? window","            : global;","        // init utility2_rollup","        local = local.global.utility2_rollup || local;","        // init lib","        local.local = local.npmtest_node_redis = local;","        // init exports","        if (local.modeJs === 'browser') {","            local.global.utility2_npmtest_node_redis = local;","        } else {","            module.exports = local;","            module.exports.__dirname = __dirname;","            module.exports.module = module;","        }","    }());","}());",""],"l":{"12":2,"14":2,"19":2,"21":2,"23":2,"24":2,"25":2,"30":1,"37":2,"41":2,"43":2,"45":2,"46":1,"48":1,"49":1,"50":1}},"/home/travis/build/npmtest/node-npmtest-node-redis/example.js":{"path":"/home/travis/build/npmtest/node-npmtest-node-redis/example.js","s":{"1":2,"2":2,"3":2,"4":2,"5":2,"6":2,"7":2,"8":1,"9":2,"10":2,"11":2,"12":2,"13":1,"14":2,"15":2,"16":2,"17":2,"18":2,"19":0,"20":2,"21":1,"22":1,"23":1,"24":1,"25":1,"26":0,"27":0,"28":1,"29":1,"30":2,"31":0,"32":0,"33":0,"34":1,"35":2,"36":2,"37":3,"38":3,"39":3,"40":3,"41":0,"42":3,"43":3,"44":3,"45":1,"46":3,"47":1,"48":1,"49":1,"50":1,"51":1,"52":1,"53":1,"54":1,"55":1,"56":1,"57":0,"58":1,"59":6,"60":6,"61":1,"62":2,"63":0,"64":2,"65":1,"66":1,"67":0,"68":0,"69":0,"70":0,"71":0,"72":0,"73":0,"74":0,"75":0,"76":0,"77":0,"78":0,"79":0,"80":0,"81":0,"82":0,"83":0},"b":{"1":[2,1,1,1],"2":[1,1,1,1],"3":[1,1],"4":[2,2],"5":[1,1],"6":[1,1],"7":[2,0],"8":[2,1,1,1,1,1],"9":[0,2,0],"10":[1,1],"11":[2,1,1],"12":[1,0],"13":[0,2],"14":[2,0,0,0,0,0,0],"15":[0,3],"16":[3,0],"17":[1,1],"18":[0,1],"19":[1,2,0,2],"20":[1,0],"21":[1,1],"22":[0,0],"23":[0,0],"24":[0,0],"25":[0,0],"26":[0,0],"27":[0,0],"28":[0,0]},"f":{"1":2,"2":2,"3":2,"4":2,"5":2,"6":2,"7":3,"8":3,"9":3,"10":1,"11":6,"12":0},"fnMap":{"1":{"name":"(anonymous_1)","line":26,"loc":{"start":{"line":26,"column":1},"end":{"line":26,"column":13}}},"2":{"name":"(anonymous_2)","line":33,"loc":{"start":{"line":33,"column":5},"end":{"line":33,"column":17}}},"3":{"name":"(anonymous_3)","line":37,"loc":{"start":{"line":37,"column":24},"end":{"line":37,"column":36}}},"4":{"name":"(anonymous_4)","line":69,"loc":{"start":{"line":69,"column":31},"end":{"line":69,"column":48}},"skip":true},"5":{"name":"(anonymous_5)","line":78,"loc":{"start":{"line":78,"column":26},"end":{"line":78,"column":45}},"skip":true},"6":{"name":"(anonymous_6)","line":123,"loc":{"start":{"line":123,"column":33},"end":{"line":123,"column":48}},"skip":true},"7":{"name":"(anonymous_7)","line":125,"loc":{"start":{"line":125,"column":27},"end":{"line":125,"column":39}},"skip":true},"8":{"name":"(anonymous_8)","line":133,"loc":{"start":{"line":133,"column":59},"end":{"line":133,"column":74}},"skip":true},"9":{"name":"(anonymous_9)","line":143,"loc":{"start":{"line":143,"column":45},"end":{"line":143,"column":62}},"skip":true},"10":{"name":"(anonymous_10)","line":144,"loc":{"start":{"line":144,"column":73},"end":{"line":144,"column":92}},"skip":true},"11":{"name":"(anonymous_11)","line":272,"loc":{"start":{"line":272,"column":51},"end":{"line":272,"column":77}},"skip":true},"12":{"name":"(anonymous_12)","line":315,"loc":{"start":{"line":315,"column":32},"end":{"line":315,"column":61}},"skip":true}},"statementMap":{"1":{"start":{"line":26,"column":0},"end":{"line":326,"column":5}},"2":{"start":{"line":28,"column":4},"end":{"line":28,"column":14}},"3":{"start":{"line":33,"column":4},"end":{"line":60,"column":9}},"4":{"start":{"line":35,"column":8},"end":{"line":35,"column":19}},"5":{"start":{"line":37,"column":8},"end":{"line":49,"column":13}},"6":{"start":{"line":38,"column":12},"end":{"line":48,"column":13}},"7":{"start":{"line":39,"column":16},"end":{"line":42,"column":30}},"8":{"start":{"line":44,"column":16},"end":{"line":47,"column":27}},"9":{"start":{"line":51,"column":8},"end":{"line":53,"column":21}},"10":{"start":{"line":55,"column":8},"end":{"line":57,"column":45}},"11":{"start":{"line":59,"column":8},"end":{"line":59,"column":35}},"12":{"start":{"line":61,"column":4},"end":{"line":325,"column":5}},"13":{"start":{"line":69,"column":8},"end":{"line":121,"column":10},"skip":true},"14":{"start":{"line":70,"column":12},"end":{"line":88,"column":13},"skip":true},"15":{"start":{"line":76,"column":16},"end":{"line":87,"column":19},"skip":true},"16":{"start":{"line":79,"column":20},"end":{"line":86,"column":21},"skip":true},"17":{"start":{"line":82,"column":24},"end":{"line":82,"column":43},"skip":true},"18":{"start":{"line":83,"column":24},"end":{"line":83,"column":30},"skip":true},"19":{"start":{"line":85,"column":24},"end":{"line":85,"column":49},"skip":true},"20":{"start":{"line":89,"column":12},"end":{"line":107,"column":13},"skip":true},"21":{"start":{"line":92,"column":16},"end":{"line":102,"column":17},"skip":true},"22":{"start":{"line":93,"column":20},"end":{"line":93,"column":86},"skip":true},"23":{"start":{"line":94,"column":20},"end":{"line":95,"column":45},"skip":true},"24":{"start":{"line":96,"column":20},"end":{"line":96,"column":42},"skip":true},"25":{"start":{"line":97,"column":20},"end":{"line":97,"column":48},"skip":true},"26":{"start":{"line":100,"column":20},"end":{"line":100,"column":85},"skip":true},"27":{"start":{"line":101,"column":20},"end":{"line":101,"column":96},"skip":true},"28":{"start":{"line":103,"column":16},"end":{"line":103,"column":22},"skip":true},"29":{"start":{"line":106,"column":16},"end":{"line":106,"column":22},"skip":true},"30":{"start":{"line":108,"column":12},"end":{"line":120,"column":13},"skip":true},"31":{"start":{"line":114,"column":16},"end":{"line":119,"column":17},"skip":true},"32":{"start":{"line":116,"column":20},"end":{"line":116,"column":78},"skip":true},"33":{"start":{"line":118,"column":20},"end":{"line":118,"column":47},"skip":true},"34":{"start":{"line":123,"column":8},"end":{"line":141,"column":11},"skip":true},"35":{"start":{"line":124,"column":12},"end":{"line":124,"column":54},"skip":true},"36":{"start":{"line":125,"column":12},"end":{"line":140,"column":14},"skip":true},"37":{"start":{"line":126,"column":16},"end":{"line":126,"column":28},"skip":true},"38":{"start":{"line":127,"column":16},"end":{"line":127,"column":69},"skip":true},"39":{"start":{"line":128,"column":16},"end":{"line":128,"column":75},"skip":true},"40":{"start":{"line":129,"column":16},"end":{"line":131,"column":17},"skip":true},"41":{"start":{"line":130,"column":20},"end":{"line":130,"column":27},"skip":true},"42":{"start":{"line":133,"column":16},"end":{"line":137,"column":36},"skip":true},"43":{"start":{"line":134,"column":20},"end":{"line":136,"column":55},"skip":true},"44":{"start":{"line":139,"column":16},"end":{"line":139,"column":57},"skip":true},"45":{"start":{"line":143,"column":8},"end":{"line":147,"column":11},"skip":true},"46":{"start":{"line":144,"column":12},"end":{"line":146,"column":15},"skip":true},"47":{"start":{"line":145,"column":16},"end":{"line":145,"column":70},"skip":true},"48":{"start":{"line":149,"column":8},"end":{"line":149,"column":31},"skip":true},"49":{"start":{"line":150,"column":8},"end":{"line":150,"column":14},"skip":true},"50":{"start":{"line":158,"column":8},"end":{"line":158,"column":31},"skip":true},"51":{"start":{"line":160,"column":8},"end":{"line":160,"column":33},"skip":true},"52":{"start":{"line":161,"column":8},"end":{"line":161,"column":37},"skip":true},"53":{"start":{"line":162,"column":8},"end":{"line":162,"column":35},"skip":true},"54":{"start":{"line":164,"column":8},"end":{"line":164,"column":50},"skip":true},"55":{"start":{"line":166,"column":8},"end":{"line":256,"column":2},"skip":true},"56":{"start":{"line":258,"column":8},"end":{"line":286,"column":9},"skip":true},"57":{"start":{"line":259,"column":12},"end":{"line":269,"column":14},"skip":true},"58":{"start":{"line":271,"column":12},"end":{"line":285,"column":19},"skip":true},"59":{"start":{"line":274,"column":20},"end":{"line":274,"column":35},"skip":true},"60":{"start":{"line":275,"column":20},"end":{"line":284,"column":21},"skip":true},"61":{"start":{"line":277,"column":24},"end":{"line":277,"column":64},"skip":true},"62":{"start":{"line":279,"column":24},"end":{"line":279,"column":40},"skip":true},"63":{"start":{"line":281,"column":24},"end":{"line":281,"column":40},"skip":true},"64":{"start":{"line":283,"column":24},"end":{"line":283,"column":39},"skip":true},"65":{"start":{"line":288,"column":8},"end":{"line":290,"column":9},"skip":true},"66":{"start":{"line":289,"column":12},"end":{"line":289,"column":18},"skip":true},"67":{"start":{"line":291,"column":8},"end":{"line":293,"column":54},"skip":true},"68":{"start":{"line":296,"column":8},"end":{"line":301,"column":37},"skip":true},"69":{"start":{"line":303,"column":8},"end":{"line":303,"column":82},"skip":true},"70":{"start":{"line":306,"column":8},"end":{"line":308,"column":9},"skip":true},"71":{"start":{"line":307,"column":12},"end":{"line":307,"column":82},"skip":true},"72":{"start":{"line":310,"column":8},"end":{"line":312,"column":9},"skip":true},"73":{"start":{"line":311,"column":12},"end":{"line":311,"column":18},"skip":true},"74":{"start":{"line":313,"column":8},"end":{"line":313,"column":54},"skip":true},"75":{"start":{"line":314,"column":8},"end":{"line":314,"column":69},"skip":true},"76":{"start":{"line":315,"column":8},"end":{"line":323,"column":36},"skip":true},"77":{"start":{"line":316,"column":12},"end":{"line":316,"column":61},"skip":true},"78":{"start":{"line":317,"column":12},"end":{"line":320,"column":13},"skip":true},"79":{"start":{"line":318,"column":16},"end":{"line":318,"column":75},"skip":true},"80":{"start":{"line":319,"column":16},"end":{"line":319,"column":23},"skip":true},"81":{"start":{"line":321,"column":12},"end":{"line":321,"column":38},"skip":true},"82":{"start":{"line":322,"column":12},"end":{"line":322,"column":27},"skip":true},"83":{"start":{"line":324,"column":8},"end":{"line":324,"column":14},"skip":true}},"branchMap":{"1":{"line":39,"type":"binary-expr","locations":[{"start":{"line":39,"column":23},"end":{"line":39,"column":62}},{"start":{"line":40,"column":20},"end":{"line":40,"column":70}},{"start":{"line":41,"column":20},"end":{"line":41,"column":71}},{"start":{"line":42,"column":20},"end":{"line":42,"column":29}}]},"2":{"line":44,"type":"binary-expr","locations":[{"start":{"line":44,"column":23},"end":{"line":44,"column":37}},{"start":{"line":45,"column":20},"end":{"line":45,"column":61}},{"start":{"line":46,"column":20},"end":{"line":46,"column":70}},{"start":{"line":47,"column":20},"end":{"line":47,"column":26}}]},"3":{"line":51,"type":"cond-expr","locations":[{"start":{"line":52,"column":14},"end":{"line":52,"column":20}},{"start":{"line":53,"column":14},"end":{"line":53,"column":20}}]},"4":{"line":55,"type":"binary-expr","locations":[{"start":{"line":55,"column":16},"end":{"line":55,"column":44}},{"start":{"line":55,"column":49},"end":{"line":57,"column":43}}]},"5":{"line":55,"type":"cond-expr","locations":[{"start":{"line":56,"column":14},"end":{"line":56,"column":54}},{"start":{"line":57,"column":14},"end":{"line":57,"column":43}}]},"6":{"line":61,"type":"switch","locations":[{"start":{"line":68,"column":4},"end":{"line":150,"column":14},"skip":true},{"start":{"line":156,"column":4},"end":{"line":324,"column":14},"skip":true}]},"7":{"line":70,"type":"if","locations":[{"start":{"line":70,"column":12},"end":{"line":70,"column":12},"skip":true},{"start":{"line":70,"column":12},"end":{"line":70,"column":12},"skip":true}]},"8":{"line":70,"type":"binary-expr","locations":[{"start":{"line":70,"column":16},"end":{"line":70,"column":22},"skip":true},{"start":{"line":70,"column":27},"end":{"line":70,"column":32},"skip":true},{"start":{"line":71,"column":20},"end":{"line":71,"column":39},"skip":true},{"start":{"line":72,"column":20},"end":{"line":72,"column":49},"skip":true},{"start":{"line":73,"column":20},"end":{"line":73,"column":58},"skip":true},{"start":{"line":74,"column":20},"end":{"line":74,"column":69},"skip":true}]},"9":{"line":79,"type":"switch","locations":[{"start":{"line":80,"column":20},"end":{"line":80,"column":33},"skip":true},{"start":{"line":81,"column":20},"end":{"line":83,"column":30},"skip":true},{"start":{"line":84,"column":20},"end":{"line":85,"column":49},"skip":true}]},"10":{"line":89,"type":"switch","locations":[{"start":{"line":90,"column":12},"end":{"line":103,"column":22},"skip":true},{"start":{"line":105,"column":12},"end":{"line":106,"column":22},"skip":true}]},"11":{"line":89,"type":"binary-expr","locations":[{"start":{"line":89,"column":20},"end":{"line":89,"column":25},"skip":true},{"start":{"line":89,"column":29},"end":{"line":89,"column":48},"skip":true},{"start":{"line":89,"column":52},"end":{"line":89,"column":74},"skip":true}]},"12":{"line":92,"type":"if","locations":[{"start":{"line":92,"column":16},"end":{"line":92,"column":16},"skip":true},{"start":{"line":92,"column":16},"end":{"line":92,"column":16},"skip":true}]},"13":{"line":108,"type":"if","locations":[{"start":{"line":108,"column":12},"end":{"line":108,"column":12},"skip":true},{"start":{"line":108,"column":12},"end":{"line":108,"column":12},"skip":true}]},"14":{"line":108,"type":"binary-expr","locations":[{"start":{"line":108,"column":16},"end":{"line":108,"column":61},"skip":true},{"start":{"line":108,"column":66},"end":{"line":108,"column":72},"skip":true},{"start":{"line":108,"column":77},"end":{"line":108,"column":82},"skip":true},{"start":{"line":109,"column":20},"end":{"line":109,"column":39},"skip":true},{"start":{"line":110,"column":20},"end":{"line":110,"column":49},"skip":true},{"start":{"line":111,"column":20},"end":{"line":111,"column":58},"skip":true},{"start":{"line":112,"column":20},"end":{"line":112,"column":68},"skip":true}]},"15":{"line":129,"type":"if","locations":[{"start":{"line":129,"column":16},"end":{"line":129,"column":16},"skip":true},{"start":{"line":129,"column":16},"end":{"line":129,"column":16},"skip":true}]},"16":{"line":134,"type":"cond-expr","locations":[{"start":{"line":135,"column":26},"end":{"line":135,"column":29},"skip":true},{"start":{"line":136,"column":26},"end":{"line":136,"column":54},"skip":true}]},"17":{"line":164,"type":"binary-expr","locations":[{"start":{"line":164,"column":27},"end":{"line":164,"column":43},"skip":true},{"start":{"line":164,"column":47},"end":{"line":164,"column":49},"skip":true}]},"18":{"line":258,"type":"if","locations":[{"start":{"line":258,"column":8},"end":{"line":258,"column":8},"skip":true},{"start":{"line":258,"column":8},"end":{"line":258,"column":8},"skip":true}]},"19":{"line":275,"type":"switch","locations":[{"start":{"line":276,"column":20},"end":{"line":277,"column":64},"skip":true},{"start":{"line":278,"column":20},"end":{"line":279,"column":40},"skip":true},{"start":{"line":280,"column":20},"end":{"line":281,"column":40},"skip":true},{"start":{"line":282,"column":20},"end":{"line":283,"column":39},"skip":true}]},"20":{"line":288,"type":"if","locations":[{"start":{"line":288,"column":8},"end":{"line":288,"column":8},"skip":true},{"start":{"line":288,"column":8},"end":{"line":288,"column":8},"skip":true}]},"21":{"line":288,"type":"binary-expr","locations":[{"start":{"line":288,"column":12},"end":{"line":288,"column":40},"skip":true},{"start":{"line":288,"column":44},"end":{"line":288,"column":67},"skip":true}]},"22":{"line":292,"type":"binary-expr","locations":[{"start":{"line":292,"column":12},"end":{"line":292,"column":50},"skip":true},{"start":{"line":293,"column":12},"end":{"line":293,"column":53},"skip":true}]},"23":{"line":297,"type":"binary-expr","locations":[{"start":{"line":297,"column":12},"end":{"line":297,"column":68},"skip":true},{"start":{"line":298,"column":12},"end":{"line":301,"column":36},"skip":true}]},"24":{"line":303,"type":"binary-expr","locations":[{"start":{"line":303,"column":43},"end":{"line":303,"column":75},"skip":true},{"start":{"line":303,"column":79},"end":{"line":303,"column":81},"skip":true}]},"25":{"line":306,"type":"if","locations":[{"start":{"line":306,"column":8},"end":{"line":306,"column":8},"skip":true},{"start":{"line":306,"column":8},"end":{"line":306,"column":8},"skip":true}]},"26":{"line":310,"type":"if","locations":[{"start":{"line":310,"column":8},"end":{"line":310,"column":8},"skip":true},{"start":{"line":310,"column":8},"end":{"line":310,"column":8},"skip":true}]},"27":{"line":313,"type":"binary-expr","locations":[{"start":{"line":313,"column":27},"end":{"line":313,"column":43},"skip":true},{"start":{"line":313,"column":47},"end":{"line":313,"column":53},"skip":true}]},"28":{"line":317,"type":"if","locations":[{"start":{"line":317,"column":12},"end":{"line":317,"column":12},"skip":true},{"start":{"line":317,"column":12},"end":{"line":317,"column":12},"skip":true}]}},"code":["/*","example.js","","quickstart example","","instruction","    1. save this script as example.js","    2. run the shell command:","        $ npm install npmtest-node-redis && PORT=8081 node example.js","    3. play with the browser-demo on http://127.0.0.1:8081","*/","","","","/* istanbul instrument in package npmtest_node_redis */","/*jslint","    bitwise: true,","    browser: true,","    maxerr: 8,","    maxlen: 96,","    node: true,","    nomen: true,","    regexp: true,","    stupid: true","*/","(function () {","    'use strict';","    var local;","","","","    // run shared js-env code - pre-init","    (function () {","        // init local","        local = {};","        // init modeJs","        local.modeJs = (function () {","            try {","                return typeof navigator.userAgent === 'string' &&","                    typeof document.querySelector('body') === 'object' &&","                    typeof XMLHttpRequest.prototype.open === 'function' &&","                    'browser';","            } catch (errorCaughtBrowser) {","                return module.exports &&","                    typeof process.versions.node === 'string' &&","                    typeof require('http').createServer === 'function' &&","                    'node';","            }","        }());","        // init global","        local.global = local.modeJs === 'browser'","            ? window","            : global;","        // init utility2_rollup","        local = local.global.utility2_rollup || (local.modeJs === 'browser'","            ? local.global.utility2_npmtest_node_redis","            : global.utility2_moduleExports);","        // export local","        local.global.local = local;","    }());","    switch (local.modeJs) {","","","","    // post-init","    // run browser js-env code - post-init","    /* istanbul ignore next */","    case 'browser':","        local.testRunBrowser = function (event) {","            if (!event || (event &&","                    event.currentTarget &&","                    event.currentTarget.className &&","                    event.currentTarget.className.includes &&","                    event.currentTarget.className.includes('onreset'))) {","                // reset output","                Array.from(","                    document.querySelectorAll('body > .resettable')","                ).forEach(function (element) {","                    switch (element.tagName) {","                    case 'INPUT':","                    case 'TEXTAREA':","                        element.value = '';","                        break;","                    default:","                        element.textContent = '';","                    }","                });","            }","            switch (event && event.currentTarget && event.currentTarget.id) {","            case 'testRunButton1':","                // show tests","                if (document.querySelector('#testReportDiv1').style.display === 'none') {","                    document.querySelector('#testReportDiv1').style.display = 'block';","                    document.querySelector('#testRunButton1').textContent =","                        'hide internal test';","                    local.modeTest = true;","                    local.testRunDefault(local);","                // hide tests","                } else {","                    document.querySelector('#testReportDiv1').style.display = 'none';","                    document.querySelector('#testRunButton1').textContent = 'run internal test';","                }","                break;","            // custom-case","            default:","                break;","            }","            if (document.querySelector('#inputTextareaEval1') && (!event || (event &&","                    event.currentTarget &&","                    event.currentTarget.className &&","                    event.currentTarget.className.includes &&","                    event.currentTarget.className.includes('oneval')))) {","                // try to eval input-code","                try {","                    /*jslint evil: true*/","                    eval(document.querySelector('#inputTextareaEval1').value);","                } catch (errorCaught) {","                    console.error(errorCaught);","                }","            }","        };","        // log stderr and stdout to #outputTextareaStdout1","        ['error', 'log'].forEach(function (key) {","            console[key + '_original'] = console[key];","            console[key] = function () {","                var element;","                console[key + '_original'].apply(console, arguments);","                element = document.querySelector('#outputTextareaStdout1');","                if (!element) {","                    return;","                }","                // append text to #outputTextareaStdout1","                element.value += Array.from(arguments).map(function (arg) {","                    return typeof arg === 'string'","                        ? arg","                        : JSON.stringify(arg, null, 4);","                }).join(' ') + '\\n';","                // scroll textarea to bottom","                element.scrollTop = element.scrollHeight;","            };","        });","        // init event-handling","        ['change', 'click', 'keyup'].forEach(function (event) {","            Array.from(document.querySelectorAll('.on' + event)).forEach(function (element) {","                element.addEventListener(event, local.testRunBrowser);","            });","        });","        // run tests","        local.testRunBrowser();","        break;","","","","    // run node js-env code - post-init","    /* istanbul ignore next */","    case 'node':","        // export local","        module.exports = local;","        // require modules","        local.fs = require('fs');","        local.http = require('http');","        local.url = require('url');","        // init assets","        local.assetsDict = local.assetsDict || {};","        /* jslint-ignore-begin */","        local.assetsDict['/assets.index.template.html'] = '\\","<!doctype html>\\n\\","<html lang=\"en\">\\n\\","<head>\\n\\","<meta charset=\"UTF-8\">\\n\\","<meta name=\"viewport\" content=\"width=device-width, initial-scale=1\">\\n\\","<title>{{env.npm_package_name}} (v{{env.npm_package_version}})</title>\\n\\","<style>\\n\\","/*csslint\\n\\","    box-sizing: false,\\n\\","    universal-selector: false\\n\\","*/\\n\\","* {\\n\\","    box-sizing: border-box;\\n\\","}\\n\\","body {\\n\\","    background: #dde;\\n\\","    font-family: Arial, Helvetica, sans-serif;\\n\\","    margin: 2rem;\\n\\","}\\n\\","body > * {\\n\\","    margin-bottom: 1rem;\\n\\","}\\n\\",".utility2FooterDiv {\\n\\","    margin-top: 20px;\\n\\","    text-align: center;\\n\\","}\\n\\","</style>\\n\\","<style>\\n\\","/*csslint\\n\\","*/\\n\\","textarea {\\n\\","    font-family: monospace;\\n\\","    height: 10rem;\\n\\","    width: 100%;\\n\\","}\\n\\","textarea[readonly] {\\n\\","    background: #ddd;\\n\\","}\\n\\","</style>\\n\\","</head>\\n\\","<body>\\n\\","<!-- utility2-comment\\n\\","<div id=\"ajaxProgressDiv1\" style=\"background: #d00; height: 2px; left: 0; margin: 0; padding: 0; position: fixed; top: 0; transition: background 0.5s, width 1.5s; width: 25%;\"></div>\\n\\","utility2-comment -->\\n\\","<h1>\\n\\","<!-- utility2-comment\\n\\","    <a\\n\\","        {{#if env.npm_package_homepage}}\\n\\","        href=\"{{env.npm_package_homepage}}\"\\n\\","        {{/if env.npm_package_homepage}}\\n\\","        target=\"_blank\"\\n\\","    >\\n\\","utility2-comment -->\\n\\","        {{env.npm_package_name}} (v{{env.npm_package_version}})\\n\\","<!-- utility2-comment\\n\\","    </a>\\n\\","utility2-comment -->\\n\\","</h1>\\n\\","<h3>{{env.npm_package_description}}</h3>\\n\\","<!-- utility2-comment\\n\\","<h4><a download href=\"assets.app.js\">download standalone app</a></h4>\\n\\","<button class=\"onclick onreset\" id=\"testRunButton1\">run internal test</button><br>\\n\\","<div id=\"testReportDiv1\" style=\"display: none;\"></div>\\n\\","utility2-comment -->\\n\\","\\n\\","\\n\\","\\n\\","<label>stderr and stdout</label>\\n\\","<textarea class=\"resettable\" id=\"outputTextareaStdout1\" readonly></textarea>\\n\\","<!-- utility2-comment\\n\\","{{#if isRollup}}\\n\\","<script src=\"assets.app.js\"></script>\\n\\","{{#unless isRollup}}\\n\\","utility2-comment -->\\n\\","<script src=\"assets.utility2.rollup.js\"></script>\\n\\","<script src=\"jsonp.utility2._stateInit?callback=window.utility2._stateInit\"></script>\\n\\","<script src=\"assets.npmtest_node_redis.rollup.js\"></script>\\n\\","<script src=\"assets.example.js\"></script>\\n\\","<script src=\"assets.test.js\"></script>\\n\\","<!-- utility2-comment\\n\\","{{/if isRollup}}\\n\\","utility2-comment -->\\n\\","<div class=\"utility2FooterDiv\">\\n\\","    [ this app was created with\\n\\","    <a href=\"https://github.com/kaizhu256/node-utility2\" target=\"_blank\">utility2</a>\\n\\","    ]\\n\\","</div>\\n\\","</body>\\n\\","</html>\\n\\","';","        /* jslint-ignore-end */","        if (local.templateRender) {","            local.assetsDict['/'] = local.templateRender(","                local.assetsDict['/assets.index.template.html'],","                {","                    env: local.objectSetDefault(local.env, {","                        npm_package_description: 'the greatest app in the world!',","                        npm_package_name: 'my-app',","                        npm_package_nameAlias: 'my_app',","                        npm_package_version: '0.0.1'","                    })","                }","            );","        } else {","            local.assetsDict['/'] = local.assetsDict['/assets.index.template.html']","                .replace((/\\{\\{env\\.(\\w+?)\\}\\}/g), function (match0, match1) {","                    // jslint-hack","                    String(match0);","                    switch (match1) {","                    case 'npm_package_description':","                        return 'the greatest app in the world!';","                    case 'npm_package_name':","                        return 'my-app';","                    case 'npm_package_nameAlias':","                        return 'my_app';","                    case 'npm_package_version':","                        return '0.0.1';","                    }","                });","        }","        // run the cli","        if (local.global.utility2_rollup || module !== require.main) {","            break;","        }","        local.assetsDict['/assets.example.js'] =","            local.assetsDict['/assets.example.js'] ||","            local.fs.readFileSync(__filename, 'utf8');","        // bug-workaround - long $npm_package_buildCustomOrg","        /* jslint-ignore-begin */","        local.assetsDict['/assets.npmtest_node_redis.rollup.js'] =","            local.assetsDict['/assets.npmtest_node_redis.rollup.js'] ||","            local.fs.readFileSync(","                local.npmtest_node_redis.__dirname + '/lib.npmtest_node_redis.js',","                'utf8'","            ).replace((/^#!/), '//');","        /* jslint-ignore-end */","        local.assetsDict['/favicon.ico'] = local.assetsDict['/favicon.ico'] || '';","        // if $npm_config_timeout_exit exists,","        // then exit this process after $npm_config_timeout_exit ms","        if (Number(process.env.npm_config_timeout_exit)) {","            setTimeout(process.exit, Number(process.env.npm_config_timeout_exit));","        }","        // start server","        if (local.global.utility2_serverHttp1) {","            break;","        }","        process.env.PORT = process.env.PORT || '8081';","        console.error('server starting on port ' + process.env.PORT);","        local.http.createServer(function (request, response) {","            request.urlParsed = local.url.parse(request.url);","            if (local.assetsDict[request.urlParsed.pathname] !== undefined) {","                response.end(local.assetsDict[request.urlParsed.pathname]);","                return;","            }","            response.statusCode = 404;","            response.end();","        }).listen(process.env.PORT);","        break;","    }","}());",""],"l":{"26":2,"28":2,"33":2,"35":2,"37":2,"38":2,"39":2,"44":1,"51":2,"55":2,"59":2,"61":2,"69":1,"70":2,"76":2,"79":2,"82":2,"83":2,"85":1,"89":2,"92":1,"93":1,"94":1,"96":1,"97":1,"100":1,"101":1,"103":1,"106":1,"108":2,"114":1,"116":1,"118":1,"123":1,"124":2,"125":2,"126":3,"127":3,"128":3,"129":3,"130":1,"133":3,"134":3,"139":3,"143":1,"144":3,"145":1,"149":1,"150":1,"158":1,"160":1,"161":1,"162":1,"164":1,"166":1,"258":1,"259":1,"271":1,"274":6,"275":6,"277":1,"279":2,"281":1,"283":2,"288":1,"289":1,"291":1,"296":1,"303":1,"306":1,"307":1,"310":1,"311":1,"313":1,"314":1,"315":1,"316":1,"317":1,"318":1,"319":1,"321":1,"322":1,"324":1}},"/home/travis/build/npmtest/node-npmtest-node-redis/node_modules/node-redis/index.js":{"path":"/home/travis/build/npmtest/node-npmtest-node-redis/node_modules/node-redis/index.js","s":{"1":1,"2":1,"3":0,"4":0,"5":0,"6":0,"7":0,"8":0,"9":0,"10":0,"11":0,"12":0,"13":0,"14":0,"15":0,"16":0,"17":0,"18":0,"19":0,"20":0,"21":0,"22":0,"23":0,"24":0,"25":0,"26":0,"27":0,"28":0,"29":0,"30":0,"31":0,"32":0,"33":0,"34":0,"35":0,"36":0,"37":0,"38":0,"39":0,"40":0,"41":0,"42":0,"43":0,"44":0,"45":0,"46":0,"47":0,"48":0,"49":0,"50":0,"51":0,"52":0,"53":0,"54":0,"55":0,"56":0,"57":0,"58":0,"59":0,"60":0,"61":0,"62":0,"63":0,"64":0,"65":0,"66":0,"67":0,"68":0,"69":0,"70":0,"71":0,"72":0,"73":0,"74":0,"75":0,"76":0,"77":0,"78":0,"79":0,"80":0,"81":0,"82":0,"83":0,"84":0,"85":0,"86":0,"87":0,"88":0,"89":0,"90":0,"91":0,"92":0,"93":0,"94":0,"95":0,"96":0,"97":0,"98":0,"99":0,"100":0,"101":0,"102":0,"103":0,"104":0,"105":0,"106":0,"107":0,"108":0,"109":0,"110":0,"111":0,"112":0,"113":0,"114":0,"115":0,"116":0,"117":0,"118":0,"119":0,"120":0,"121":1,"122":1,"123":1,"124":0,"125":1,"126":0,"127":1,"128":0,"129":0,"130":0,"131":0,"132":0,"133":0,"134":0,"135":0,"136":0,"137":1,"138":0,"139":0,"140":0,"141":0,"142":1,"143":0,"144":0,"145":0,"146":0,"147":0,"148":0,"149":0,"150":0,"151":0,"152":0,"153":0,"154":0,"155":1,"156":0,"157":0,"158":0,"159":0,"160":0,"161":0,"162":0,"163":0,"164":0,"165":0,"166":0,"167":0,"168":0,"169":0,"170":0,"171":0,"172":0,"173":0,"174":0,"175":0,"176":0,"177":0,"178":0,"179":0,"180":1,"181":0,"182":0,"183":1,"184":1,"185":1,"186":1,"187":122,"188":122,"189":122,"190":0,"191":0,"192":0,"193":0,"194":0,"195":0,"196":0,"197":0,"198":0,"199":1,"200":0,"201":0},"b":{"1":[0,0],"2":[0,0],"3":[0,0],"4":[0,0],"5":[0,0],"6":[0,0],"7":[0,0],"8":[0,0],"9":[0,0],"10":[0,0,0,0,0,0],"11":[0,0],"12":[0,0],"13":[0,0],"14":[0,0],"15":[0,0],"16":[0,0],"17":[0,0,0],"18":[0,0],"19":[0,0],"20":[0,0],"21":[0,0],"22":[0,0],"23":[0,0],"24":[0,0],"25":[0,0],"26":[0,0],"27":[0,0],"28":[0,0],"29":[0,0],"30":[0,0],"31":[0,0],"32":[0,0],"33":[0,0],"34":[0,0],"35":[0,0],"36":[122,0],"37":[0,0],"38":[0,0]},"f":{"1":0,"2":0,"3":0,"4":0,"5":0,"6":0,"7":0,"8":0,"9":0,"10":0,"11":0,"12":0,"13":0,"14":0,"15":0,"16":0,"17":122,"18":0,"19":0},"fnMap":{"1":{"name":"RedisClient","line":28,"loc":{"start":{"line":28,"column":18},"end":{"line":28,"column":57}}},"2":{"name":"(anonymous_2)","line":56,"loc":{"start":{"line":56,"column":28},"end":{"line":56,"column":40}}},"3":{"name":"(anonymous_3)","line":96,"loc":{"start":{"line":96,"column":25},"end":{"line":96,"column":43}}},"4":{"name":"(anonymous_4)","line":108,"loc":{"start":{"line":108,"column":16},"end":{"line":108,"column":28}}},"5":{"name":"(anonymous_5)","line":127,"loc":{"start":{"line":127,"column":26},"end":{"line":127,"column":43}}},"6":{"name":"onClose","line":132,"loc":{"start":{"line":132,"column":16},"end":{"line":132,"column":36}}},"7":{"name":"onReply","line":153,"loc":{"start":{"line":153,"column":26},"end":{"line":153,"column":51}}},"8":{"name":"(anonymous_8)","line":225,"loc":{"start":{"line":225,"column":26},"end":{"line":225,"column":43}}},"9":{"name":"createClient","line":241,"loc":{"start":{"line":241,"column":23},"end":{"line":241,"column":64}}},"10":{"name":"(anonymous_10)","line":245,"loc":{"start":{"line":245,"column":32},"end":{"line":245,"column":44}}},"11":{"name":"(anonymous_11)","line":249,"loc":{"start":{"line":249,"column":37},"end":{"line":249,"column":54}}},"12":{"name":"(anonymous_12)","line":261,"loc":{"start":{"line":261,"column":13},"end":{"line":261,"column":25}}},"13":{"name":"(anonymous_13)","line":269,"loc":{"start":{"line":269,"column":31},"end":{"line":269,"column":47}}},"14":{"name":"write","line":280,"loc":{"start":{"line":280,"column":30},"end":{"line":280,"column":60}}},"15":{"name":"(anonymous_15)","line":305,"loc":{"start":{"line":305,"column":36},"end":{"line":305,"column":71}}},"16":{"name":"(anonymous_16)","line":354,"loc":{"start":{"line":354,"column":32},"end":{"line":354,"column":44}}},"17":{"name":"(anonymous_17)","line":383,"loc":{"start":{"line":383,"column":25},"end":{"line":383,"column":44}}},"18":{"name":"(anonymous_18)","line":390,"loc":{"start":{"line":390,"column":51},"end":{"line":390,"column":78}}},"19":{"name":"(anonymous_19)","line":415,"loc":{"start":{"line":415,"column":0},"end":{"line":415,"column":20}}}},"statementMap":{"1":{"start":{"line":24,"column":0},"end":{"line":26,"column":33}},"2":{"start":{"line":28,"column":0},"end":{"line":233,"column":2}},"3":{"start":{"line":29,"column":2},"end":{"line":29,"column":29}},"4":{"start":{"line":30,"column":2},"end":{"line":30,"column":29}},"5":{"start":{"line":31,"column":2},"end":{"line":31,"column":29}},"6":{"start":{"line":32,"column":2},"end":{"line":32,"column":57}},"7":{"start":{"line":33,"column":2},"end":{"line":33,"column":30}},"8":{"start":{"line":35,"column":2},"end":{"line":35,"column":30}},"9":{"start":{"line":37,"column":2},"end":{"line":37,"column":29}},"10":{"start":{"line":38,"column":2},"end":{"line":38,"column":27}},"11":{"start":{"line":39,"column":2},"end":{"line":39,"column":42}},"12":{"start":{"line":41,"column":2},"end":{"line":41,"column":30}},"13":{"start":{"line":42,"column":2},"end":{"line":42,"column":26}},"14":{"start":{"line":43,"column":2},"end":{"line":43,"column":28}},"15":{"start":{"line":44,"column":2},"end":{"line":44,"column":28}},"16":{"start":{"line":46,"column":2},"end":{"line":46,"column":30}},"17":{"start":{"line":48,"column":2},"end":{"line":48,"column":30}},"18":{"start":{"line":49,"column":2},"end":{"line":49,"column":27}},"19":{"start":{"line":50,"column":2},"end":{"line":50,"column":30}},"20":{"start":{"line":52,"column":2},"end":{"line":52,"column":54}},"21":{"start":{"line":54,"column":2},"end":{"line":54,"column":18}},"22":{"start":{"line":56,"column":2},"end":{"line":94,"column":5}},"23":{"start":{"line":58,"column":4},"end":{"line":58,"column":32}},"24":{"start":{"line":59,"column":4},"end":{"line":59,"column":30}},"25":{"start":{"line":60,"column":4},"end":{"line":60,"column":28}},"26":{"start":{"line":61,"column":4},"end":{"line":61,"column":29}},"27":{"start":{"line":62,"column":4},"end":{"line":62,"column":30}},"28":{"start":{"line":63,"column":4},"end":{"line":63,"column":31}},"29":{"start":{"line":66,"column":4},"end":{"line":67,"column":67}},"30":{"start":{"line":70,"column":4},"end":{"line":72,"column":5}},"31":{"start":{"line":71,"column":6},"end":{"line":71,"column":52}},"32":{"start":{"line":74,"column":4},"end":{"line":74,"column":38}},"33":{"start":{"line":76,"column":4},"end":{"line":79,"column":5}},"34":{"start":{"line":77,"column":6},"end":{"line":77,"column":28}},"35":{"start":{"line":78,"column":6},"end":{"line":78,"column":59}},"36":{"start":{"line":82,"column":4},"end":{"line":82,"column":51}},"37":{"start":{"line":83,"column":4},"end":{"line":83,"column":51}},"38":{"start":{"line":85,"column":4},"end":{"line":87,"column":5}},"39":{"start":{"line":86,"column":6},"end":{"line":86,"column":34}},"40":{"start":{"line":88,"column":4},"end":{"line":90,"column":5}},"41":{"start":{"line":89,"column":6},"end":{"line":89,"column":33}},"42":{"start":{"line":93,"column":4},"end":{"line":93,"column":25}},"43":{"start":{"line":96,"column":2},"end":{"line":104,"column":5}},"44":{"start":{"line":97,"column":4},"end":{"line":103,"column":5}},"45":{"start":{"line":98,"column":6},"end":{"line":98,"column":37}},"46":{"start":{"line":100,"column":6},"end":{"line":100,"column":30}},"47":{"start":{"line":102,"column":6},"end":{"line":102,"column":31}},"48":{"start":{"line":108,"column":2},"end":{"line":122,"column":4}},"49":{"start":{"line":109,"column":4},"end":{"line":112,"column":5}},"50":{"start":{"line":110,"column":6},"end":{"line":110,"column":42}},"51":{"start":{"line":111,"column":6},"end":{"line":111,"column":24}},"52":{"start":{"line":114,"column":4},"end":{"line":118,"column":5}},"53":{"start":{"line":115,"column":6},"end":{"line":117,"column":7}},"54":{"start":{"line":116,"column":8},"end":{"line":116,"column":64}},"55":{"start":{"line":120,"column":4},"end":{"line":120,"column":32}},"56":{"start":{"line":121,"column":4},"end":{"line":121,"column":40}},"57":{"start":{"line":125,"column":2},"end":{"line":125,"column":39}},"58":{"start":{"line":127,"column":2},"end":{"line":130,"column":5}},"59":{"start":{"line":128,"column":4},"end":{"line":128,"column":58}},"60":{"start":{"line":128,"column":39},"end":{"line":128,"column":58}},"61":{"start":{"line":129,"column":4},"end":{"line":129,"column":30}},"62":{"start":{"line":132,"column":2},"end":{"line":145,"column":4}},"63":{"start":{"line":134,"column":4},"end":{"line":134,"column":27}},"64":{"start":{"line":134,"column":20},"end":{"line":134,"column":27}},"65":{"start":{"line":135,"column":4},"end":{"line":135,"column":21}},"66":{"start":{"line":136,"column":4},"end":{"line":136,"column":23}},"67":{"start":{"line":137,"column":4},"end":{"line":142,"column":5}},"68":{"start":{"line":138,"column":6},"end":{"line":140,"column":7}},"69":{"start":{"line":139,"column":8},"end":{"line":139,"column":34}},"70":{"start":{"line":141,"column":6},"end":{"line":141,"column":13}},"71":{"start":{"line":144,"column":4},"end":{"line":144,"column":24}},"72":{"start":{"line":147,"column":2},"end":{"line":147,"column":33}},"73":{"start":{"line":148,"column":2},"end":{"line":148,"column":35}},"74":{"start":{"line":151,"column":2},"end":{"line":151,"column":29}},"75":{"start":{"line":153,"column":2},"end":{"line":222,"column":5}},"76":{"start":{"line":154,"column":4},"end":{"line":203,"column":5}},"77":{"start":{"line":155,"column":6},"end":{"line":201,"column":7}},"78":{"start":{"line":156,"column":8},"end":{"line":156,"column":39}},"79":{"start":{"line":158,"column":8},"end":{"line":198,"column":9}},"80":{"start":{"line":163,"column":10},"end":{"line":164,"column":33}},"81":{"start":{"line":166,"column":10},"end":{"line":174,"column":11}},"82":{"start":{"line":167,"column":12},"end":{"line":167,"column":34}},"83":{"start":{"line":169,"column":12},"end":{"line":173,"column":13}},"84":{"start":{"line":170,"column":14},"end":{"line":170,"column":49}},"85":{"start":{"line":171,"column":19},"end":{"line":173,"column":13}},"86":{"start":{"line":172,"column":14},"end":{"line":172,"column":49}},"87":{"start":{"line":176,"column":10},"end":{"line":180,"column":11}},"88":{"start":{"line":177,"column":12},"end":{"line":177,"column":47}},"89":{"start":{"line":178,"column":17},"end":{"line":180,"column":11}},"90":{"start":{"line":179,"column":12},"end":{"line":179,"column":47}},"91":{"start":{"line":182,"column":10},"end":{"line":182,"column":42}},"92":{"start":{"line":183,"column":10},"end":{"line":183,"column":49}},"93":{"start":{"line":184,"column":10},"end":{"line":184,"column":16}},"94":{"start":{"line":186,"column":10},"end":{"line":187,"column":30}},"95":{"start":{"line":188,"column":10},"end":{"line":188,"column":42}},"96":{"start":{"line":189,"column":10},"end":{"line":189,"column":44}},"97":{"start":{"line":190,"column":10},"end":{"line":190,"column":16}},"98":{"start":{"line":192,"column":10},"end":{"line":194,"column":33}},"99":{"start":{"line":195,"column":10},"end":{"line":195,"column":52}},"100":{"start":{"line":196,"column":10},"end":{"line":196,"column":54}},"101":{"start":{"line":197,"column":10},"end":{"line":197,"column":16}},"102":{"start":{"line":200,"column":8},"end":{"line":200,"column":33}},"103":{"start":{"line":202,"column":6},"end":{"line":202,"column":13}},"104":{"start":{"line":205,"column":4},"end":{"line":205,"column":40}},"105":{"start":{"line":206,"column":4},"end":{"line":221,"column":5}},"106":{"start":{"line":207,"column":6},"end":{"line":216,"column":7}},"107":{"start":{"line":209,"column":8},"end":{"line":209,"column":29}},"108":{"start":{"line":210,"column":8},"end":{"line":210,"column":14}},"109":{"start":{"line":213,"column":8},"end":{"line":213,"column":33}},"110":{"start":{"line":214,"column":8},"end":{"line":214,"column":23}},"111":{"start":{"line":215,"column":8},"end":{"line":215,"column":15}},"112":{"start":{"line":218,"column":6},"end":{"line":220,"column":7}},"113":{"start":{"line":219,"column":8},"end":{"line":219,"column":32}},"114":{"start":{"line":225,"column":2},"end":{"line":230,"column":5}},"115":{"start":{"line":226,"column":4},"end":{"line":226,"column":40}},"116":{"start":{"line":227,"column":4},"end":{"line":227,"column":29}},"117":{"start":{"line":228,"column":4},"end":{"line":229,"column":35}},"118":{"start":{"line":228,"column":31},"end":{"line":228,"column":49}},"119":{"start":{"line":229,"column":9},"end":{"line":229,"column":35}},"120":{"start":{"line":232,"column":2},"end":{"line":232,"column":34}},"121":{"start":{"line":235,"column":0},"end":{"line":235,"column":70}},"122":{"start":{"line":238,"column":0},"end":{"line":238,"column":34}},"123":{"start":{"line":241,"column":0},"end":{"line":243,"column":2}},"124":{"start":{"line":242,"column":2},"end":{"line":242,"column":51}},"125":{"start":{"line":245,"column":0},"end":{"line":247,"column":2}},"126":{"start":{"line":246,"column":2},"end":{"line":246,"column":31}},"127":{"start":{"line":249,"column":0},"end":{"line":267,"column":2}},"128":{"start":{"line":250,"column":2},"end":{"line":250,"column":18}},"129":{"start":{"line":253,"column":2},"end":{"line":253,"column":25}},"130":{"start":{"line":254,"column":2},"end":{"line":254,"column":24}},"131":{"start":{"line":255,"column":2},"end":{"line":255,"column":27}},"132":{"start":{"line":258,"column":2},"end":{"line":258,"column":24}},"133":{"start":{"line":261,"column":2},"end":{"line":263,"column":23}},"134":{"start":{"line":262,"column":4},"end":{"line":262,"column":46}},"135":{"start":{"line":265,"column":2},"end":{"line":265,"column":41}},"136":{"start":{"line":266,"column":2},"end":{"line":266,"column":27}},"137":{"start":{"line":269,"column":0},"end":{"line":277,"column":2}},"138":{"start":{"line":270,"column":2},"end":{"line":276,"column":3}},"139":{"start":{"line":271,"column":4},"end":{"line":273,"column":5}},"140":{"start":{"line":272,"column":6},"end":{"line":272,"column":25}},"141":{"start":{"line":275,"column":4},"end":{"line":275,"column":32}},"142":{"start":{"line":280,"column":0},"end":{"line":299,"column":2}},"143":{"start":{"line":281,"column":2},"end":{"line":293,"column":3}},"144":{"start":{"line":282,"column":4},"end":{"line":282,"column":25}},"145":{"start":{"line":283,"column":4},"end":{"line":286,"column":5}},"146":{"start":{"line":284,"column":6},"end":{"line":284,"column":32}},"147":{"start":{"line":285,"column":6},"end":{"line":285,"column":24}},"148":{"start":{"line":288,"column":4},"end":{"line":291,"column":5}},"149":{"start":{"line":289,"column":6},"end":{"line":289,"column":32}},"150":{"start":{"line":290,"column":6},"end":{"line":290,"column":24}},"151":{"start":{"line":292,"column":4},"end":{"line":292,"column":22}},"152":{"start":{"line":295,"column":2},"end":{"line":298,"column":3}},"153":{"start":{"line":296,"column":4},"end":{"line":296,"column":34}},"154":{"start":{"line":297,"column":4},"end":{"line":297,"column":25}},"155":{"start":{"line":305,"column":0},"end":{"line":352,"column":2}},"156":{"start":{"line":307,"column":2},"end":{"line":309,"column":3}},"157":{"start":{"line":308,"column":4},"end":{"line":308,"column":50}},"158":{"start":{"line":312,"column":2},"end":{"line":312,"column":39}},"159":{"start":{"line":312,"column":32},"end":{"line":312,"column":39}},"160":{"start":{"line":316,"column":2},"end":{"line":316,"column":18}},"161":{"start":{"line":318,"column":2},"end":{"line":351,"column":3}},"162":{"start":{"line":319,"column":4},"end":{"line":320,"column":98}},"163":{"start":{"line":322,"column":4},"end":{"line":344,"column":5}},"164":{"start":{"line":323,"column":6},"end":{"line":323,"column":25}},"165":{"start":{"line":324,"column":6},"end":{"line":324,"column":28}},"166":{"start":{"line":326,"column":6},"end":{"line":343,"column":7}},"167":{"start":{"line":328,"column":8},"end":{"line":328,"column":72}},"168":{"start":{"line":329,"column":13},"end":{"line":343,"column":7}},"169":{"start":{"line":331,"column":8},"end":{"line":331,"column":67}},"170":{"start":{"line":332,"column":13},"end":{"line":343,"column":7}},"171":{"start":{"line":334,"column":8},"end":{"line":334,"column":34}},"172":{"start":{"line":335,"column":8},"end":{"line":335,"column":38}},"173":{"start":{"line":336,"column":8},"end":{"line":336,"column":22}},"174":{"start":{"line":339,"column":8},"end":{"line":339,"column":47}},"175":{"start":{"line":340,"column":8},"end":{"line":340,"column":38}},"176":{"start":{"line":341,"column":8},"end":{"line":341,"column":30}},"177":{"start":{"line":342,"column":8},"end":{"line":342,"column":29}},"178":{"start":{"line":347,"column":4},"end":{"line":347,"column":34}},"179":{"start":{"line":350,"column":4},"end":{"line":350,"column":41}},"180":{"start":{"line":354,"column":0},"end":{"line":357,"column":2}},"181":{"start":{"line":355,"column":2},"end":{"line":355,"column":23}},"182":{"start":{"line":356,"column":2},"end":{"line":356,"column":31}},"183":{"start":{"line":360,"column":0},"end":{"line":376,"column":2}},"184":{"start":{"line":378,"column":0},"end":{"line":378,"column":37}},"185":{"start":{"line":381,"column":0},"end":{"line":381,"column":25}},"186":{"start":{"line":383,"column":0},"end":{"line":411,"column":3}},"187":{"start":{"line":386,"column":2},"end":{"line":386,"column":84}},"188":{"start":{"line":389,"column":2},"end":{"line":410,"column":3}},"189":{"start":{"line":390,"column":4},"end":{"line":409,"column":6}},"190":{"start":{"line":393,"column":6},"end":{"line":395,"column":7}},"191":{"start":{"line":394,"column":8},"end":{"line":394,"column":58}},"192":{"start":{"line":398,"column":6},"end":{"line":398,"column":23}},"193":{"start":{"line":399,"column":6},"end":{"line":399,"column":39}},"194":{"start":{"line":400,"column":6},"end":{"line":400,"column":64}},"195":{"start":{"line":402,"column":6},"end":{"line":406,"column":7}},"196":{"start":{"line":403,"column":8},"end":{"line":403,"column":31}},"197":{"start":{"line":405,"column":8},"end":{"line":405,"column":25}},"198":{"start":{"line":408,"column":6},"end":{"line":408,"column":48}},"199":{"start":{"line":414,"column":0},"end":{"line":418,"column":2}},"200":{"start":{"line":416,"column":2},"end":{"line":416,"column":23}},"201":{"start":{"line":417,"column":2},"end":{"line":417,"column":50}}},"branchMap":{"1":{"line":70,"type":"if","locations":[{"start":{"line":70,"column":4},"end":{"line":70,"column":4}},{"start":{"line":70,"column":4},"end":{"line":70,"column":4}}]},"2":{"line":109,"type":"if","locations":[{"start":{"line":109,"column":4},"end":{"line":109,"column":4}},{"start":{"line":109,"column":4},"end":{"line":109,"column":4}}]},"3":{"line":115,"type":"if","locations":[{"start":{"line":115,"column":6},"end":{"line":115,"column":6}},{"start":{"line":115,"column":6},"end":{"line":115,"column":6}}]},"4":{"line":115,"type":"binary-expr","locations":[{"start":{"line":115,"column":10},"end":{"line":115,"column":31}},{"start":{"line":115,"column":35},"end":{"line":115,"column":83}}]},"5":{"line":128,"type":"if","locations":[{"start":{"line":128,"column":4},"end":{"line":128,"column":4}},{"start":{"line":128,"column":4},"end":{"line":128,"column":4}}]},"6":{"line":134,"type":"if","locations":[{"start":{"line":134,"column":4},"end":{"line":134,"column":4}},{"start":{"line":134,"column":4},"end":{"line":134,"column":4}}]},"7":{"line":137,"type":"if","locations":[{"start":{"line":137,"column":4},"end":{"line":137,"column":4}},{"start":{"line":137,"column":4},"end":{"line":137,"column":4}}]},"8":{"line":154,"type":"if","locations":[{"start":{"line":154,"column":4},"end":{"line":154,"column":4}},{"start":{"line":154,"column":4},"end":{"line":154,"column":4}}]},"9":{"line":155,"type":"if","locations":[{"start":{"line":155,"column":6},"end":{"line":155,"column":6}},{"start":{"line":155,"column":6},"end":{"line":155,"column":6}}]},"10":{"line":158,"type":"switch","locations":[{"start":{"line":159,"column":8},"end":{"line":159,"column":26}},{"start":{"line":160,"column":8},"end":{"line":160,"column":28}},{"start":{"line":161,"column":8},"end":{"line":161,"column":25}},{"start":{"line":162,"column":8},"end":{"line":184,"column":16}},{"start":{"line":185,"column":8},"end":{"line":190,"column":16}},{"start":{"line":191,"column":8},"end":{"line":197,"column":16}}]},"11":{"line":166,"type":"if","locations":[{"start":{"line":166,"column":10},"end":{"line":166,"column":10}},{"start":{"line":166,"column":10},"end":{"line":166,"column":10}}]},"12":{"line":169,"type":"if","locations":[{"start":{"line":169,"column":12},"end":{"line":169,"column":12}},{"start":{"line":169,"column":12},"end":{"line":169,"column":12}}]},"13":{"line":171,"type":"if","locations":[{"start":{"line":171,"column":19},"end":{"line":171,"column":19}},{"start":{"line":171,"column":19},"end":{"line":171,"column":19}}]},"14":{"line":176,"type":"if","locations":[{"start":{"line":176,"column":10},"end":{"line":176,"column":10}},{"start":{"line":176,"column":10},"end":{"line":176,"column":10}}]},"15":{"line":178,"type":"if","locations":[{"start":{"line":178,"column":17},"end":{"line":178,"column":17}},{"start":{"line":178,"column":17},"end":{"line":178,"column":17}}]},"16":{"line":206,"type":"if","locations":[{"start":{"line":206,"column":4},"end":{"line":206,"column":4}},{"start":{"line":206,"column":4},"end":{"line":206,"column":4}}]},"17":{"line":207,"type":"switch","locations":[{"start":{"line":208,"column":6},"end":{"line":210,"column":14}},{"start":{"line":211,"column":6},"end":{"line":211,"column":23}},{"start":{"line":212,"column":6},"end":{"line":215,"column":15}}]},"18":{"line":218,"type":"if","locations":[{"start":{"line":218,"column":6},"end":{"line":218,"column":6}},{"start":{"line":218,"column":6},"end":{"line":218,"column":6}}]},"19":{"line":228,"type":"if","locations":[{"start":{"line":228,"column":4},"end":{"line":228,"column":4}},{"start":{"line":228,"column":4},"end":{"line":228,"column":4}}]},"20":{"line":228,"type":"binary-expr","locations":[{"start":{"line":228,"column":8},"end":{"line":228,"column":15}},{"start":{"line":228,"column":19},"end":{"line":228,"column":29}}]},"21":{"line":242,"type":"binary-expr","locations":[{"start":{"line":242,"column":25},"end":{"line":242,"column":29}},{"start":{"line":242,"column":33},"end":{"line":242,"column":37}}]},"22":{"line":270,"type":"if","locations":[{"start":{"line":270,"column":2},"end":{"line":270,"column":2}},{"start":{"line":270,"column":2},"end":{"line":270,"column":2}}]},"23":{"line":271,"type":"if","locations":[{"start":{"line":271,"column":4},"end":{"line":271,"column":4}},{"start":{"line":271,"column":4},"end":{"line":271,"column":4}}]},"24":{"line":281,"type":"if","locations":[{"start":{"line":281,"column":2},"end":{"line":281,"column":2}},{"start":{"line":281,"column":2},"end":{"line":281,"column":2}}]},"25":{"line":283,"type":"if","locations":[{"start":{"line":283,"column":4},"end":{"line":283,"column":4}},{"start":{"line":283,"column":4},"end":{"line":283,"column":4}}]},"26":{"line":288,"type":"if","locations":[{"start":{"line":288,"column":4},"end":{"line":288,"column":4}},{"start":{"line":288,"column":4},"end":{"line":288,"column":4}}]},"27":{"line":295,"type":"if","locations":[{"start":{"line":295,"column":2},"end":{"line":295,"column":2}},{"start":{"line":295,"column":2},"end":{"line":295,"column":2}}]},"28":{"line":307,"type":"if","locations":[{"start":{"line":307,"column":2},"end":{"line":307,"column":2}},{"start":{"line":307,"column":2},"end":{"line":307,"column":2}}]},"29":{"line":312,"type":"if","locations":[{"start":{"line":312,"column":2},"end":{"line":312,"column":2}},{"start":{"line":312,"column":2},"end":{"line":312,"column":2}}]},"30":{"line":318,"type":"if","locations":[{"start":{"line":318,"column":2},"end":{"line":318,"column":2}},{"start":{"line":318,"column":2},"end":{"line":318,"column":2}}]},"31":{"line":318,"type":"binary-expr","locations":[{"start":{"line":318,"column":6},"end":{"line":318,"column":10}},{"start":{"line":318,"column":14},"end":{"line":318,"column":45}}]},"32":{"line":326,"type":"if","locations":[{"start":{"line":326,"column":6},"end":{"line":326,"column":6}},{"start":{"line":326,"column":6},"end":{"line":326,"column":6}}]},"33":{"line":329,"type":"if","locations":[{"start":{"line":329,"column":13},"end":{"line":329,"column":13}},{"start":{"line":329,"column":13},"end":{"line":329,"column":13}}]},"34":{"line":332,"type":"if","locations":[{"start":{"line":332,"column":13},"end":{"line":332,"column":13}},{"start":{"line":332,"column":13},"end":{"line":332,"column":13}}]},"35":{"line":332,"type":"binary-expr","locations":[{"start":{"line":332,"column":17},"end":{"line":332,"column":29}},{"start":{"line":332,"column":33},"end":{"line":332,"column":57}}]},"36":{"line":389,"type":"if","locations":[{"start":{"line":389,"column":2},"end":{"line":389,"column":2}},{"start":{"line":389,"column":2},"end":{"line":389,"column":2}}]},"37":{"line":393,"type":"if","locations":[{"start":{"line":393,"column":6},"end":{"line":393,"column":6}},{"start":{"line":393,"column":6},"end":{"line":393,"column":6}}]},"38":{"line":402,"type":"if","locations":[{"start":{"line":402,"column":6},"end":{"line":402,"column":6}},{"start":{"line":402,"column":6},"end":{"line":402,"column":6}}]}},"code":["// The MIT License","//","// Copyright (c) 2013 Tim Smart","//","// Permission is hereby granted, free of charge, to any person obtaining a","// copy of this software and associated documentation files","// (the \"Software\"), to deal in the Software without restriction,","// including without limitation the rights to use, copy, modify, merge,","// publish, distribute, sublicense, and/or sell copies of the Software, and","// to permit persons to whom the Software is furnished to do so, subject to","// the following conditions:","//","// The above copyright notice and this permission notice shall be included","// in all copies or substantial portions of the Software.","//","// THE SOFTWARE IS PROVIDED \"AS IS\", WITHOUT WARRANTY OF ANY KIND, EXPRESS","// OR IMPLIED, INCLUDING BUT NOT LIMITED TO THE WARRANTIES OF","// MERCHANTABILITY, FITNESS FOR A PARTICULAR PURPOSE AND NONINFRINGEMENT.","// IN NO EVENT SHALL THE AUTHORS OR COPYRIGHT HOLDERS BE LIABLE FOR ANY","// CLAIM, DAMAGES OR OTHER LIABILITY, WHETHER IN AN ACTION OF CONTRACT,","// TORT OR OTHERWISE, ARISING FROM, OUT OF OR IN CONNECTION WITH THE","// SOFTWARE OR THE USE OR OTHER DEALINGS IN THE SOFTWARE.","","var net    = require('net'),","    utils  = require('./utils'),","    Parser = require('./parser');","","var RedisClient = function RedisClient(port, host, auth) {","  this.host           = host;","  this.port           = port;","  this.auth           = auth;","  this.stream         = net.createConnection(port, host);","  this.connected      = false;","  // Pub/sub monitor etc.","  this.blocking       = false;","  // Command queue.","  this.max_size       = 1300;","  this.command        = '';","  this.commands       = new utils.Queue();","  // For the retry timer.","  this.retry          = false;","  this.retry_attempts = 0;","  this.retry_delay    = 250;","  this.retry_backoff  = 1.7;","  // If we want to quit.","  this.quitting       = false;","  // For when we have a full send buffer.","  this.paused         = false;","  this.send_buffer    = [];","  this.flushing       = false;","  // channels / patterns for disconnects","  this.pubsub         = { pattern : {}, channel : {} }","","  var self = this;","","  this.stream.on(\"connect\", function () {","    // Reset the retry backoff.","    self.retry          = false;","    self.retry_delay    = 250;","    self.retry_attempts = 0;","    self.stream.setNoDelay();","    self.stream.setTimeout(0);","    self.connected      = true;","","    // Resend commands if we need to.","    var command,","        commands = self.commands.array.slice(self.commands.offset);","","    // Send auth.","    if (self.auth) {","      commands.unshift(['AUTH', [self.auth], null]);","    }","","    self.commands = new utils.Queue();","","    for (var i = 0, il = commands.length; i < il; i++) {","      command = commands[i];","      self.sendCommand(command[0], command[1], command[2]);","    }","","    // pubsub?","    var patterns = Object.keys(self.pubsub.pattern)","    var channels = Object.keys(self.pubsub.channel)","","    for (var i = 0, il = patterns.length; i < il; i++) {","      self.psubscribe(patterns[i])","    }","    for (var i = 0, il = channels.length; i < il; i++) {","      self.subscribe(channels[i])","    }","","    // give connect listeners a chance to run first in case they need to auth","    self.emit(\"connect\");","  });","","  this.stream.on(\"data\", function (buffer) {","    try {","      self.parser.onIncoming(buffer);","    } catch (err) {","      self.emit(\"error\", err);","      // Reset state.","      self.parser.resetState();","    }","  });","","  // _write","  // So we can pipeline requests.","  this._flush = function () {","    if ('' !== self.command) {","      self.send_buffer.push(self.command);","      self.command = '';","    }","","    for (var i = 0, il = self.send_buffer.length; i < il; i++) {","      if (!self.stream.writable || false === self.stream.write(self.send_buffer[i])) {","        return self.send_buffer = self.send_buffer.slice(i + 1);","      }","    }","","    self.send_buffer.length = 0;","    self.paused = self.flushing = false;","  };","","  // When we can write more.","  this.stream.on('drain', this._flush);","","  this.stream.on(\"error\", function (error) {","    if ('ECONNREFUSED' === error.code) self.onDisconnect()","    self.emit(\"error\", error);","  });","","  var onClose = function onClose () {","    // Ignore if we are already retrying. Or we want to quit.","    if (self.retry
[...]
71,"column":6},"end":{"line":371,"column":39}},"172":{"start":{"line":372,"column":6},"end":{"line":372,"column":39}},"173":{"start":{"line":376,"column":2},"end":{"line":376,"column":24}},"174":{"start":{"line":377,"column":2},"end":{"line":377,"column":24}},"175":{"start":{"line":378,"column":2},"end":{"line":378,"column":26}}},"branchMap":{"1":{"line":54,"type":"binary-expr","locations":[{"start":{"line":54,"column":15},"end":{"line":54,"column":23}},{"start":{"line":54,"column":27},"end":{"line":54,"column":28}}]},"2":{"line":58,"type":"if","locations":[{"start":{"line":58,"column":2},"end":{"line":58,"column":2}},{"start":{"line":58,"column":2},"end":{"line":58,"column":2}}]},"3":{"line":58,"type":"binary-expr","locations":[{"start":{"line":58,"column":6},"end":{"line":58,"column":26}},{"start":{"line":58,"column":30},"end":{"line":58,"column":50}},{"start":{"line":58,"column":54},"end":{"line":58,"column":72}}]},"4":{"line":61,"type":"if","locations":[{"start":{"line":61,"column":4},"end":{"line":61,"column":4}},{"start":{"line":61,"column":4},"end":{"line":61,"column":4}}]},"5":{"line":71,"type":"switch","locations":[{"start":{"line":72,"column":4},"end":{"line":102,"column":12}},{"start":{"line":105,"column":4},"end":{"line":105,"column":18}},{"start":{"line":106,"column":4},"end":{"line":136,"column":12}},{"start":{"line":140,"column":4},"end":{"line":166,"column":12}},{"start":{"line":169,"column":4},"end":{"line":229,"column":12}},{"start":{"line":232,"column":4},"end":{"line":294,"column":12}},{"start":{"line":296,"column":4},"end":{"line":313,"column":12}}]},"6":{"line":74,"type":"switch","locations":[{"start":{"line":76,"column":6},"end":{"line":78,"column":14}},{"start":{"line":81,"column":6},"end":{"line":83,"column":14}},{"start":{"line":86,"column":6},"end":{"line":88,"column":14}},{"start":{"line":90,"column":6},"end":{"line":92,"column":14}},{"start":{"line":95,"column":6},"end":{"line":97,"column":14}}]},"7":{"line":112,"type":"if","locations":[{"start":{"line":112,"column":6},"end":{"line":112,"column":6}},{"start":{"line":112,"column":6},"end":{"line":112,"column":6}}]},"8":{"line":112,"type":"binary-expr","locations":[{"start":{"line":112,"column":10},"end":{"line":112,"column":27}},{"start":{"line":112,"column":31},"end":{"line":112,"column":49}}]},"9":{"line":125,"type":"if","locations":[{"start":{"line":125,"column":6},"end":{"line":125,"column":6}},{"start":{"line":125,"column":6},"end":{"line":125,"column":6}}]},"10":{"line":127,"type":"if","locations":[{"start":{"line":127,"column":8},"end":{"line":127,"column":8}},{"start":{"line":127,"column":8},"end":{"line":127,"column":8}}]},"11":{"line":149,"type":"if","locations":[{"start":{"line":149,"column":6},"end":{"line":149,"column":6}},{"start":{"line":149,"column":6},"end":{"line":149,"column":6}}]},"12":{"line":154,"type":"if","locations":[{"start":{"line":154,"column":8},"end":{"line":154,"column":8}},{"start":{"line":154,"column":8},"end":{"line":154,"column":8}}]},"13":{"line":170,"type":"if","locations":[{"start":{"line":170,"column":6},"end":{"line":170,"column":6}},{"start":{"line":170,"column":6},"end":{"line":170,"column":6}}]},"14":{"line":170,"type":"binary-expr","locations":[{"start":{"line":170,"column":10},"end":{"line":170,"column":28}},{"start":{"line":170,"column":32},"end":{"line":170,"column":64}}]},"15":{"line":172,"type":"if","locations":[{"start":{"line":172,"column":8},"end":{"line":172,"column":8}},{"start":{"line":172,"column":8},"end":{"line":172,"column":8}}]},"16":{"line":186,"type":"if","locations":[{"start":{"line":186,"column":13},"end":{"line":186,"column":13}},{"start":{"line":186,"column":13},"end":{"line":186,"column":13}}]},"17":{"line":188,"type":"if","locations":[{"start":{"line":188,"column":8},"end":{"line":188,"column":8}},{"start":{"line":188,"column":8},"end":{"line":188,"column":8}}]},"18":{"line":190,"type":"if","locations":[{"start":{"line":190,"column":10},"end":{"line":190,"column":10}},{"start":{"line":190,"column":10},"end":{"line":190,"column":10}}]},"19":{"line":204,"type":"if","locations":[{"start":{"line":204,"column":10},"end":{"line":204,"column":10}},{"start":{"line":204,"column":10},"end":{"line":204,"column":10}}]},"20":{"line":219,"type":"if","locations":[{"start":{"line":219,"column":8},"end":{"line":219,"column":8}},{"start":{"line":219,"column":8},"end":{"line":219,"column":8}}]},"21":{"line":241,"type":"if","locations":[{"start":{"line":241,"column":6},"end":{"line":241,"column":6}},{"start":{"line":241,"column":6},"end":{"line":241,"column":6}}]},"22":{"line":247,"type":"if","locations":[{"start":{"line":247,"column":8},"end":{"line":247,"column":8}},{"start":{"line":247,"column":8},"end":{"line":247,"column":8}}]},"23":{"line":250,"type":"if","locations":[{"start":{"line":250,"column":15},"end":{"line":250,"column":15}},{"start":{"line":250,"column":15},"end":{"line":250,"column":15}}]},"24":{"line":261,"type":"if","locations":[{"start":{"line":261,"column":8},"end":{"line":261,"column":8}},{"start":{"line":261,"column":8},"end":{"line":261,"column":8}}]},"25":{"line":266,"type":"if","locations":[{"start":{"line":266,"column":15},"end":{"line":266,"column":15}},{"start":{"line":266,"column":15},"end":{"line":266,"column":15}}]},"26":{"line":278,"type":"if","locations":[{"start":{"line":278,"column":8},"end":{"line":278,"column":8}},{"start":{"line":278,"column":8},"end":{"line":278,"column":8}}]},"27":{"line":287,"type":"if","locations":[{"start":{"line":287,"column":15},"end":{"line":287,"column":15}},{"start":{"line":287,"column":15},"end":{"line":287,"column":15}}]},"28":{"line":287,"type":"binary-expr","locations":[{"start":{"line":287,"column":19},"end":{"line":287,"column":38}},{"start":{"line":287,"column":42},"end":{"line":287,"column":51}}]},"29":{"line":305,"type":"if","locations":[{"start":{"line":305,"column":6},"end":{"line":305,"column":6}},{"start":{"line":305,"column":6},"end":{"line":305,"column":6}}]},"30":{"line":323,"type":"if","locations":[{"start":{"line":323,"column":2},"end":{"line":323,"column":2}},{"start":{"line":323,"column":2},"end":{"line":323,"column":2}}]},"31":{"line":329,"type":"if","locations":[{"start":{"line":329,"column":4},"end":{"line":329,"column":4}},{"start":{"line":329,"column":4},"end":{"line":329,"column":4}}]},"32":{"line":330,"type":"if","locations":[{"start":{"line":330,"column":6},"end":{"line":330,"column":6}},{"start":{"line":330,"column":6},"end":{"line":330,"column":6}}]},"33":{"line":334,"type":"if","locations":[{"start":{"line":334,"column":8},"end":{"line":334,"column":8}},{"start":{"line":334,"column":8},"end":{"line":334,"column":8}}]},"34":{"line":344,"type":"if","locations":[{"start":{"line":344,"column":4},"end":{"line":344,"column":4}},{"start":{"line":344,"column":4},"end":{"line":344,"column":4}}]},"35":{"line":350,"type":"if","locations":[{"start":{"line":350,"column":6},"end":{"line":350,"column":6}},{"start":{"line":350,"column":6},"end":{"line":350,"column":6}}]},"36":{"line":364,"type":"if","locations":[{"start":{"line":364,"column":2},"end":{"line":364,"column":2}},{"start":{"line":364,"column":2},"end":{"line":364,"column":2}}]},"37":{"line":370,"type":"if","locations":[{"start":{"line":370,"column":4},"end":{"line":370,"column":4}},{"start":{"line":370,"column":4},"end":{"line":370,"column":4}}]}},"code":["// The MIT License","//","// Copyright (c) 2013 Tim Smart","//","// Permission is hereby granted, free of charge, to any person obtaining a","// copy of this software and associated documentation files","// (the \"Software\"), to deal in the Software without restriction,","// including without limitation the rights to use, copy, modify, merge,","// publish, distribute, sublicense, and/or sell copies of the Software, and","// to permit persons to whom the Software is furnished to do so, subject to","// the following conditions:","//","// The above copyright notice and this permission notice shall be included","// in all copies or substantial portions of the Software.","//","// THE SOFTWARE IS PROVIDED \"AS IS\", WITHOUT WARRANTY OF ANY KIND, EXPRESS","// OR IMPLIED, INCLUDING BUT NOT LIMITED TO THE WARRANTIES OF","// MERCHANTABILITY, FITNESS FOR A PARTICULAR PURPOSE AND NONINFRINGEMENT.","// IN NO EVENT SHALL THE AUTHORS OR COPYRIGHT HOLDERS BE LIABLE FOR ANY","// CLAIM, DAMAGES OR OTHER LIABILITY, WHETHER IN AN ACTION OF CONTRACT,","// TORT OR OTHERWISE, ARISING FROM, OUT OF OR IN CONNECTION WITH THE","// SOFTWARE OR THE USE OR OTHER DEALINGS IN THE SOFTWARE.","","var utils = require('./utils');","","var RedisParser = function RedisParser () {","  this.resetState();","","  process.EventEmitter.call(this);","","  return this;","};","","module.exports = RedisParser;","","RedisParser.prototype = Object.create(process.EventEmitter.prototype);","","// Reset state, no matter where we are at.","RedisParser.prototype.resetState = function resetState () {","  this.reply     = null;","  this.expected  = null;","  this.multi     = null;","  this.replies   = null;","  this.pos       = null;","  this.flag      = 'TYPE';","  this.data      = null;","  this.last_data = null;","  this.remaining = null;","};","","// Handle an incoming buffer.","RedisParser.prototype.onIncoming = function onIncoming (buffer) {","  var char_code,","      pos    = this.pos || 0,","      length = buffer.length;","","  // Make sure the buffer is joint properly.","  if ('TYPE' !== this.flag && 'BULK' !== this.flag && null !== this.data) {","    // We need to wind back a step.","    // If we have CR now, it would break the parser.","    if (0 !== this.data.length) {","      char_code = this.data.charCodeAt(this.data.length - 1);","      this.data = this.data.slice(0, -1);","      --pos;","    } else {","      char_code = buffer[pos];","    }","  }","","  for (; length > pos;) {","    switch (this.flag) {","    case 'TYPE':","      // What are we doing next?","      switch (buffer[pos++]) {","      // Single line status reply.","      case 43: // + SINGLE","        this.flag = 'SINGLE';","        break;","","      // Tells us the length of upcoming data.","      case 36: // $ LENGTH","        this.flag = 'BULK_LENGTH';","        break;","","      // Tells us how many args are coming up.","      case 42: // * MULTI","        this.flag = 'MULTI_BULK';","        break;","","      case 58: // : INTEGER","        this.flag = 'INTEGER';","        break;","","      // Errors","      case 45: // - ERROR","        this.flag = 'ERROR';","        break;","      }","      // Fast forward a char.","      char_code = buffer[pos];","      this.data = '';","      break;","","    // Single line status replies.","    case 'SINGLE':","    case 'ERROR':","      // Add char to the data","      this.data += String.fromCharCode(char_code);","      pos++;","","      // Optimize for the common use case.","      if ('O' === this.data && 75 === buffer[pos]) { // OK","        // Send off the reply.","        this.data = 'OK';","        this.onData();","","        pos += 3; // Skip the `K\\r\\n`","","        // break early.","        break;","      }","","      // Otherwise check for CR","      char_code = buffer[pos];","      if (13 === char_code) { // \\r CR","        // Send the reply.","        if ('SINGLE' === this.flag) {","          this.onData();","        } else {","          this.onError();","        }","","        // Skip \\r\\n","        pos += 2;","      }","      break;","","    // We have a integer coming up. Look for a CR","    // then assume that is the end.","    case 'BULK_LENGTH':","      // We are still looking for more digits.","      // char_code already set by TYPE state.","      this.data += String.fromCharCode(char_code);","      pos++;","","      // Is the next char the end? Set next char_code while","      // we are at it.","      char_code = buffer[pos];","      if (13 === char_code) { // \\r CR","        // Cast to int","        this.data = +this.data;","","        // Null reply?","        if (-1 !== this.data) {","          this.flag      = 'BULK';","          this.last_data = this.data;","          this.data      = null;","        } else {","          this.data = null;","          this.onData();","        }","","        // Skip the \\r\\n","        pos += 2;","      }","      break;","","    // Short bulk reply.","    case 'BULK':","      if (null === this.data && length >= (pos + this.last_data)) {","        // Slow slice is slow.","        if (14 > this.last_data) {","          this.data = new Buffer(this.last_data);","          for (var i = 0; i < this.last_data; i++) {","            this.data[i] = buffer[i + pos];","          }","        } else {","          this.data = buffer.slice(pos, this.last_data + pos);","        }","","        // Fast forward past data.","        pos += this.last_data + 2;","","        // Send it off.","        this.onData();","      } else if (this.data) {","        // Still joining. pos = amount left to go.","        if (this.remaining <= length) {","          // End is within this buffer.","          if (13 < this.remaining) {","            buffer.copy(this.data, this.last_data - this.remaining, 0, this.remaining)","          } else {","            utils.copyBuffer(buffer, this.data, this.last_data - this.remaining, 0, this.remaining);","          }","","          // Fast forward past data.","          pos = this.remaining + 2;","          this.remaining = null;","","          this.onData();","        } else {","          // We have more to come. Copy what we got then move on,","          // decrementing the amount we have copied from this.remaining","          if (13 < (this.remaining - length)) {","            utils.copyBuffer(buffer, this.data, this.last_data - this.remaining, 0, length);","          } else {","            buffer.copy(this.data, this.last_data - this.remaining, 0, length);","          }","","          // More to go.","          this.remaining -= length;","          pos             = length;","        }","      } else {","        // We will have to do a join.","        this.data = new Buffer(this.last_data);","","        // Fast copy if small.","        if (15 > this.last_data) {","          utils.copyBuffer(buffer, this.data, 0, pos);","        } else {","          buffer.copy(this.data, 0, pos)","        }","","        // Point pos to the amount we need.","        this.remaining = this.last_data - (length - pos);","        pos            = length;","      }","      break;","","    // How many bulk's are coming?","    case 'MULTI_BULK':","      // We are still looking for more digits.","      // char_code already set by TYPE state.","      this.data += String.fromCharCode(char_code);","      pos++;","","      // Is the next char the end? Set next char_code while","      // we are at it.","      char_code = buffer[pos];","      if (13 === char_code) { // \\r CR","        // Cast to int","        this.last_data = +this.data;","        this.data      = null;","","        // Are we multi?","        if (null === this.expected) {","          this.expected = this.last_data;","          this.reply    = [];","        } else if (null === this.multi) {","          this.multi    = this.expected;","          this.expected = null;","          this.replies  = [];","        }","","        // Skip the \\r\\n","        pos += 2;","        this.flag = 'TYPE';","","        // Zero length replies.","        if (0 === this.last_data) {","          this.expected = this.reply = null;","          this.data     = [];","          this.onData();","          break;","        } else if (-1 === this.last_data) {","          // NIL reply.","          this.expected = this.reply = null;","          this.data     = null;","          this.onData();","          break;","        }","","        char_code = buffer[pos];","","        // Will have to look ahead to check for another MULTI in case","        // we are a multi transaction.","        if (36 === char_code) { // $ - BULK_LENGTH","          // We are bulk data.","          this.flag = 'BULK_LENGTH';","","          // We are skipping the TYPE check. Skip the $","          pos++;","          // We need to set char code and data.","          char_code = buffer[pos];","          this.data = '';","        } else if (null === this.multi && char_code) {","          // Multi trans time.","          this.multi    = this.expected;","          this.expected = null;","          this.replies  = [];","        }","      }","      break;","","    case 'INTEGER':","      // We are still looking for more digits.","      // char_code already set by TYPE state.","      this.data += String.fromCharCode(char_code);","      pos++;","","      // Is the next char the end? Set next char_code while","      // we are at it.","      char_code = buffer[pos];","      if (13 === char_code) { // \\r CR","        // Cast to int","        this.data = +this.data;","        this.onData();","","        // Skip the \\r\\n","        pos += 2;","      }","      break;","    }","  }","","  // In case we have multiple packets.","  this.pos = pos - length;","};","","// When we have recieved a chunk of response data.","RedisParser.prototype.onData = function onData () {","  if (null !== this.expected) {","    // Decrement the expected data replies and add the data.","    this.reply.push(this.data);","    this.expected--;","","    // Finished? Send it off.","    if (0 === this.expected) {","      if (null !== this.multi) {","        this.replies.push(this.reply);","        this.multi--;","","        if (0 === this.multi) {","          this.emit('reply', this.replies);","          this.replies = this.multi = null;","        }","      } else {","        this.emit('reply', this.reply);","      }","      this.reply = this.expected = null;","    }","  } else {","    if (null === this.multi) {","      this.emit('reply', this.data);","    } else {","      this.replies.push(this.data);","      this.multi--;","","      if (0 === this.multi) {","        this.emit('reply', this.replies);","        this.replies = this.multi = null;","      }","    }","  }","","  this.last_data = null;","  this.data      = null;","  this.flag      = 'TYPE';","};","","// Found an error.","RedisParser.prototype.onError = function onError () {","  if (null === this.multi) {","    this.emit('error', this.data);","  } else {","    this.replies.push(this.data);","    this.multi--;","","    if (0 === this.multi) {","      this.emit('reply', this.replies);","      this.replies = this.multi = null;","    }","  }","","  this.last_data = null;","  this.data      = null;","  this.flag      = 'TYPE';","};",""],"l":{"24":1,"26":1,"27":0,"29":0,"31":0,"34":1,"36":1,"39":1,"40":0,"41":0,"42":0,"43":0,"44":0,"45":0,"46":0,"47":0,"48":0,"52":1,"53":0,"58":0,"61":0,"62":0,"63":0,"64":0,"66":0,"70":0,"71":0,"74":0,"77":0,"78":0,"82":0,"83":0,"87":0,"88":0,"91":0,"92":0,"96":0,"97":0,"100":0,"101":0,"102":0,"108":0,"109":0,"112":0,"114":0,"115":0,"117":0,"120":0,"124":0,"125":0,"127":0,"128":0,"130":0,"134":0,"136":0,"143":0,"144":0,"148":0,"149":0,"151":0,"154":0,"155":0,"156":0,"157":0,"159":0,"160":0,"164":0,"166":0,"170":0,"172":0,"173":0,"174":0,"175":0,"178":0,"182":0,"185":0,"186":0,"188":0,"190":0,"191":0,"193":0,"197":0,"198":0,"200":0,"204":0,"205":0,"207":0,"211":0,"212":0,"216":0,"219":0,"220":0,"222":0,"226":0,"227":0,"229":0,"235":0,"236":0,"240":0,"241":0,"243":0,"244":0,"247":0,"248":0,"249":0,"250":0,"251":0,"252":0,"253":0,"257":0,"258":0,"261":0,"262":0,"263":0,"264":0,"265":0,"266":0,"268":0,"269":0,"270":0,"271":0,"274":0,"278":0,"280":0,"283":0,"285":0,"286":0,"287":0,"289":0,"290":0,"291":0,"294":0,"299":0,"300":0,"304":0,"305":0,"307":0,"308":0,"311":0,"313":0,"318":0,"322":1,"323":0,"325":0,"326":0,"329":0,"330":0,"331":0,"332":0,"334":0,"335":0,"336":0,"339":0,"341":0,"344":0,"345":0,"347":0,"348":0,"350":0,"351":0,"352":0,"357":0,"358":0,"359":0,"363":1,"364":0,"365":0,"367":0,"368":0,"370":0,"371":0,"372":0,"376":0,"377":0,"378":0}}}